<?xml version="1.0" encoding="utf-8"?>
<test-run id="2" testcasecount="56" result="Passed" total="56" passed="56" failed="0" inconclusive="0" skipped="0" asserts="0" engine-version="3.5.0.0" clr-version="4.0.30319.42000" start-time="2026-09-02 11:09:26Z" end-time="2026-09-02 11:09:26Z" duration="0.1463189">
  <test-suite type="TestSuite" id="1000" name="Trace Strike" fullname="Trace Strike" runstate="Runnable" testcasecount="56" result="Passed" start-time="2026-09-02 11:09:26Z" end-time="2026-09-02 11:09:26Z" duration="0.146319" total="56" passed="56" failed="0" inconclusive="0" skipped="0" asserts="0">
    <properties>
      <property name="platform" value="EditMode" />
    </properties>
    <test-suite type="Assembly" id="1063" name="Assembly-CSharp-Editor.dll" fullname="D:/codex/NHN/NHN_New/Library/ScriptAssemblies/Assembly-CSharp-Editor.dll" runstate="Runnable" testcasecount="56" result="Passed" start-time="2026-09-02 11:09:26Z" end-time="2026-09-02 11:09:26Z" duration="0.136129" total="56" passed="56" failed="0" inconclusive="0" skipped="0" asserts="0">
      <properties>
        <property name="_PID" value="24628" />
        <property name="_APPDOMAIN" value="Unity Child Domain" />
        <property name="platform" value="EditMode" />
        <property name="EditorOnly" value="True" />
      </properties>
      <test-suite type="TestSuite" id="1064" name="NHN" fullname="NHN" runstate="Runnable" testcasecount="56" result="Passed" start-time="2026-09-02 11:09:26Z" end-time="2026-09-02 11:09:26Z" duration="0.135554" total="56" passed="56" failed="0" inconclusive="0" skipped="0" asserts="0">
        <properties />
        <test-suite type="TestSuite" id="1065" name="TraceStrike" fullname="NHN.TraceStrike" runstate="Runnable" testcasecount="56" result="Passed" start-time="2026-09-02 11:09:26Z" end-time="2026-09-02 11:09:26Z" duration="0.135054" total="56" passed="56" failed="0" inconclusive="0" skipped="0" asserts="0">
          <properties />
          <test-suite type="TestSuite" id="1066" name="Tests" fullname="NHN.TraceStrike.Tests" runstate="Runnable" testcasecount="56" result="Passed" start-time="2026-09-02 11:09:26Z" end-time="2026-09-02 11:09:26Z" duration="0.134633" total="56" passed="56" failed="0" inconclusive="0" skipped="0" asserts="0">
            <properties />
            <test-suite type="TestFixture" id="1001" name="CombatBalanceRulesTests" fullname="NHN.TraceStrike.Tests.CombatBalanceRulesTests" classname="NHN.TraceStrike.Tests.CombatBalanceRulesTests" runstate="Runnable" testcasecount="8" result="Passed" start-time="2026-09-02 11:09:26Z" end-time="2026-09-02 11:09:26Z" duration="0.041093" total="8" passed="8" failed="0" inconclusive="0" skipped="0" asserts="0">
              <properties />
              <test-case id="1006" name="CenterThreeByThreeUsesDoubleDamage" fullname="NHN.TraceStrike.Tests.CombatBalanceRulesTests.CenterThreeByThreeUsesDoubleDamage" methodname="CenterThreeByThreeUsesDoubleDamage" classname="NHN.TraceStrike.Tests.CombatBalanceRulesTests" runstate="Runnable" seed="930038342" result="Passed" start-time="2026-09-02 11:09:26Z" end-time="2026-09-02 11:09:26Z" duration="0.017042" asserts="0">
                <properties>
                  <property name="retryIteration" value="0" />
                  <property name="repeatIteration" value="0" />
                </properties>
              </test-case>
              <test-case id="1009" name="EnteringAfterExplosionDoesNotReceiveOldDamage" fullname="NHN.TraceStrike.Tests.CombatBalanceRulesTests.EnteringAfterExplosionDoesNotReceiveOldDamage" methodname="EnteringAfterExplosionDoesNotReceiveOldDamage" classname="NHN.TraceStrike.Tests.CombatBalanceRulesTests" runstate="Runnable" seed="1263023465" result="Passed" start-time="2026-09-02 11:09:26Z" end-time="2026-09-02 11:09:26Z" duration="0.000785" asserts="0">
                <properties>
                  <property name="retryIteration" value="0" />
                  <property name="repeatIteration" value="0" />
                </properties>
              </test-case>
              <test-case id="1008" name="LeavingDangerDuringCoyoteTimeSurvives" fullname="NHN.TraceStrike.Tests.CombatBalanceRulesTests.LeavingDangerDuringCoyoteTimeSurvives" methodname="LeavingDangerDuringCoyoteTimeSurvives" classname="NHN.TraceStrike.Tests.CombatBalanceRulesTests" runstate="Runnable" seed="1308996923" result="Passed" start-time="2026-09-02 11:09:26Z" end-time="2026-09-02 11:09:26Z" duration="0.000388" asserts="0">
                <properties>
                  <property name="retryIteration" value="0" />
                  <property name="repeatIteration" value="0" />
                </properties>
              </test-case>
              <test-case id="1007" name="MixedTrailDamageDependsOnTilePosition" fullname="NHN.TraceStrike.Tests.CombatBalanceRulesTests.MixedTrailDamageDependsOnTilePosition" methodname="MixedTrailDamageDependsOnTilePosition" classname="NHN.TraceStrike.Tests.CombatBalanceRulesTests" runstate="Runnable" seed="522663852" result="Passed" start-time="2026-09-02 11:09:26Z" end-time="2026-09-02 11:09:26Z" duration="0.000405" asserts="0">
                <properties>
                  <property name="retryIteration" value="0" />
                  <property name="repeatIteration" value="0" />
                </properties>
              </test-case>
              <test-case id="1010" name="RemainingInsideDangerAfterCoyoteTimeIsHit" fullname="NHN.TraceStrike.Tests.CombatBalanceRulesTests.RemainingInsideDangerAfterCoyoteTimeIsHit" methodname="RemainingInsideDangerAfterCoyoteTimeIsHit" classname="NHN.TraceStrike.Tests.CombatBalanceRulesTests" runstate="Runnable" seed="682371113" result="Passed" start-time="2026-09-02 11:09:26Z" end-time="2026-09-02 11:09:26Z" duration="0.000395" asserts="0">
                <properties>
                  <property name="retryIteration" value="0" />
                  <property name="repeatIteration" value="0" />
                </properties>
              </test-case>
              <test-suite type="ParameterizedMethod" id="1005" name="TrailDamageIsExactlyOnePerPaintedCell" fullname="NHN.TraceStrike.Tests.CombatBalanceRulesTests.TrailDamageIsExactlyOnePerPaintedCell" classname="NHN.TraceStrike.Tests.CombatBalanceRulesTests" runstate="Runnable" testcasecount="3" result="Passed" start-time="2026-09-02 11:09:26Z" end-time="2026-09-02 11:09:26Z" duration="0.006806" total="3" passed="3" failed="0" inconclusive="0" skipped="0" asserts="0">
                <properties />
                <test-case id="1002" name="TrailDamageIsExactlyOnePerPaintedCell(1,1)" fullname="NHN.TraceStrike.Tests.CombatBalanceRulesTests.TrailDamageIsExactlyOnePerPaintedCell(1,1)" methodname="TrailDamageIsExactlyOnePerPaintedCell" classname="NHN.TraceStrike.Tests.CombatBalanceRulesTests" runstate="Runnable" seed="840331159" result="Passed" start-time="2026-09-02 11:09:26Z" end-time="2026-09-02 11:09:26Z" duration="0.000322" asserts="0">
                  <properties>
                    <property name="retryIteration" value="0" />
                    <property name="repeatIteration" value="0" />
                  </properties>
                </test-case>
                <test-case id="1003" name="TrailDamageIsExactlyOnePerPaintedCell(7,7)" fullname="NHN.TraceStrike.Tests.CombatBalanceRulesTests.TrailDamageIsExactlyOnePerPaintedCell(7,7)" methodname="TrailDamageIsExactlyOnePerPaintedCell" classname="NHN.TraceStrike.Tests.CombatBalanceRulesTests" runstate="Runnable" seed="125847776" result="Passed" start-time="2026-09-02 11:09:26Z" end-time="2026-09-02 11:09:26Z" duration="0.000176" asserts="0">
                  <properties>
                    <property name="retryIteration" value="0" />
                    <property name="repeatIteration" value="0" />
                  </properties>
                </test-case>
                <test-case id="1004" name="TrailDamageIsExactlyOnePerPaintedCell(24,24)" fullname="NHN.TraceStrike.Tests.CombatBalanceRulesTests.TrailDamageIsExactlyOnePerPaintedCell(24,24)" methodname="TrailDamageIsExactlyOnePerPaintedCell" classname="NHN.TraceStrike.Tests.CombatBalanceRulesTests" runstate="Runnable" seed="1620606334" result="Passed" start-time="2026-09-02 11:09:26Z" end-time="2026-09-02 11:09:26Z" duration="0.000078" asserts="0">
                  <properties>
                    <property name="retryIteration" value="0" />
                    <property name="repeatIteration" value="0" />
                  </properties>
                </test-case>
              </test-suite>
            </test-suite>
            <test-suite type="TestFixture" id="1011" name="HubWorldModelTests" fullname="NHN.TraceStrike.Tests.HubWorldModelTests" classname="NHN.TraceStrike.Tests.HubWorldModelTests" runstate="Runnable" testcasecount="5" result="Passed" start-time="2026-09-02 11:09:26Z" end-time="2026-09-02 11:09:26Z" duration="0.008250" total="5" passed="5" failed="0" inconclusive="0" skipped="0" asserts="0">
              <properties />
              <test-case id="1014" name="AvailableStageRequiresTwoCollisions" fullname="NHN.TraceStrike.Tests.HubWorldModelTests.AvailableStageRequiresTwoCollisions" methodname="AvailableStageRequiresTwoCollisions" classname="NHN.TraceStrike.Tests.HubWorldModelTests" runstate="Runnable" seed="1487052833" result="Passed" start-time="2026-09-02 11:09:26Z" end-time="2026-09-02 11:09:26Z" duration="0.003862" asserts="0">
                <properties>
                  <property name="retryIteration" value="0" />
                  <property name="repeatIteration" value="0" />
                </properties>
              </test-case>
              <test-case id="1012" name="CharacterCollisionPreviewsThenSwapsAndMovesThrough" fullname="NHN.TraceStrike.Tests.HubWorldModelTests.CharacterCollisionPreviewsThenSwapsAndMovesThrough" methodname="CharacterCollisionPreviewsThenSwapsAndMovesThrough" classname="NHN.TraceStrike.Tests.HubWorldModelTests" runstate="Runnable" seed="1243633877" result="Passed" start-time="2026-09-02 11:09:26Z" end-time="2026-09-02 11:09:26Z" duration="0.001296" asserts="0">
                <properties>
                  <property name="retryIteration" value="0" />
                  <property name="repeatIteration" value="0" />
                </properties>
              </test-case>
              <test-case id="1015" name="FutureStageStaysLockedOnSecondCollision" fullname="NHN.TraceStrike.Tests.HubWorldModelTests.FutureStageStaysLockedOnSecondCollision" methodname="FutureStageStaysLockedOnSecondCollision" classname="NHN.TraceStrike.Tests.HubWorldModelTests" runstate="Runnable" seed="425103862" result="Passed" start-time="2026-09-02 11:09:26Z" end-time="2026-09-02 11:09:26Z" duration="0.000456" asserts="0">
                <properties>
                  <property name="retryIteration" value="0" />
                  <property name="repeatIteration" value="0" />
                </properties>
              </test-case>
              <test-case id="1016" name="MapBoundaryBlocksMovement" fullname="NHN.TraceStrike.Tests.HubWorldModelTests.MapBoundaryBlocksMovement" methodname="MapBoundaryBlocksMovement" classname="NHN.TraceStrike.Tests.HubWorldModelTests" runstate="Runnable" seed="1993990140" result="Passed" start-time="2026-09-02 11:09:26Z" end-time="2026-09-02 11:09:26Z" duration="0.000331" asserts="0">
                <properties>
                  <property name="retryIteration" value="0" />
                  <property name="repeatIteration" value="0" />
                </properties>
              </test-case>
              <test-case id="1013" name="MovingTwoCellsFromFocusedObjectClearsPreview" fullname="NHN.TraceStrike.Tests.HubWorldModelTests.MovingTwoCellsFromFocusedObjectClearsPreview" methodname="MovingTwoCellsFromFocusedObjectClearsPreview" classname="NHN.TraceStrike.Tests.HubWorldModelTests" runstate="Runnable" seed="1577849053" result="Passed" start-time="2026-09-02 11:09:26Z" end-time="2026-09-02 11:09:26Z" duration="0.000344" asserts="0">
                <properties>
                  <property name="retryIteration" value="0" />
                  <property name="repeatIteration" value="0" />
                </properties>
              </test-case>
            </test-suite>
            <test-suite type="TestFixture" id="1017" name="ObjectiveArrowTests" fullname="NHN.TraceStrike.Tests.ObjectiveArrowTests" classname="NHN.TraceStrike.Tests.ObjectiveArrowTests" runstate="Runnable" testcasecount="5" result="Passed" start-time="2026-09-02 11:09:26Z" end-time="2026-09-02 11:09:26Z" duration="0.016100" total="5" passed="5" failed="0" inconclusive="0" skipped="0" asserts="0">
              <properties />
              <test-case id="1018" name="BeforeTracingArrowTargetsStart" fullname="NHN.TraceStrike.Tests.ObjectiveArrowTests.BeforeTracingArrowTargetsStart" methodname="BeforeTracingArrowTargetsStart" classname="NHN.TraceStrike.Tests.ObjectiveArrowTests" runstate="Runnable" seed="1661808157" result="Passed" start-time="2026-09-02 11:09:26Z" end-time="2026-09-02 11:09:26Z" duration="0.006521" asserts="0">
                <properties>
                  <property name="retryIteration" value="0" />
                  <property name="repeatIteration" value="0" />
                </properties>
              </test-case>
              <test-case id="1021" name="NewRoundTargetsNewStartWithoutTeleporting" fullname="NHN.TraceStrike.Tests.ObjectiveArrowTests.NewRoundTargetsNewStartWithoutTeleporting" methodname="NewRoundTargetsNewStartWithoutTeleporting" classname="NHN.TraceStrike.Tests.ObjectiveArrowTests" runstate="Runnable" seed="675962159" result="Passed" start-time="2026-09-02 11:09:26Z" end-time="2026-09-02 11:09:26Z" duration="0.003509" asserts="0">
                <properties>
                  <property name="retryIteration" value="0" />
                  <property name="repeatIteration" value="0" />
                </properties>
              </test-case>
              <test-case id="1022" name="RespawnOnStartTargetsEndAndBlockedMovesDoNotChangeIt" fullname="NHN.TraceStrike.Tests.ObjectiveArrowTests.RespawnOnStartTargetsEndAndBlockedMovesDoNotChangeIt" methodname="RespawnOnStartTargetsEndAndBlockedMovesDoNotChangeIt" classname="NHN.TraceStrike.Tests.ObjectiveArrowTests" runstate="Runnable" seed="1383050326" result="Passed" start-time="2026-09-02 11:09:26Z" end-time="2026-09-02 11:09:26Z" duration="0.001483" asserts="0">
                <properties>
                  <property name="retryIteration" value="0" />
                  <property name="repeatIteration" value="0" />
                </properties>
              </test-case>
              <test-case id="1020" name="RevisitedTrailSwitchesArrowBackToStart" fullname="NHN.TraceStrike.Tests.ObjectiveArrowTests.RevisitedTrailSwitchesArrowBackToStart" methodname="RevisitedTrailSwitchesArrowBackToStart" classname="NHN.TraceStrike.Tests.ObjectiveArrowTests" runstate="Runnable" seed="1092320188" result="Passed" start-time="2026-09-02 11:09:26Z" end-time="2026-09-02 11:09:26Z" duration="0.001289" asserts="0">
                <properties>
                  <property name="retryIteration" value="0" />
                  <property name="repeatIteration" value="0" />
                </properties>
              </test-case>
              <test-case id="1019" name="SteppingOnStartSwitchesArrowToEndImmediately" fullname="NHN.TraceStrike.Tests.ObjectiveArrowTests.SteppingOnStartSwitchesArrowToEndImmediately" methodname="SteppingOnStartSwitchesArrowToEndImmediately" classname="NHN.TraceStrike.Tests.ObjectiveArrowTests" runstate="Runnable" seed="106219069" result="Passed" start-time="2026-09-02 11:09:26Z" end-time="2026-09-02 11:09:26Z" duration="0.000938" asserts="0">
                <properties>
                  <property name="retryIteration" value="0" />
                  <property name="repeatIteration" value="0" />
                </properties>
              </test-case>
            </test-suite>
            <test-suite type="TestFixture" id="1023" name="TrailFieldModelTests" fullname="NHN.TraceStrike.Tests.TrailFieldModelTests" classname="NHN.TraceStrike.Tests.TrailFieldModelTests" runstate="Runnable" testcasecount="38" result="Passed" start-time="2026-09-02 11:09:26Z" end-time="2026-09-02 11:09:26Z" duration="0.066137" total="38" passed="38" failed="0" inconclusive="0" skipped="0" asserts="0">
              <properties />
              <test-case id="1051" name="BlockedCrystalCellRejectsMovementAndRoundEndpoints" fullname="NHN.TraceStrike.Tests.TrailFieldModelTests.BlockedCrystalCellRejectsMovementAndRoundEndpoints" methodname="BlockedCrystalCellRejectsMovementAndRoundEndpoints" classname="NHN.TraceStrike.Tests.TrailFieldModelTests" runstate="Runnable" seed="368888241" result="Passed" start-time="2026-09-02 11:09:26Z" end-time="2026-09-02 11:09:26Z" duration="0.001971" asserts="0">
                <properties>
                  <property name="retryIteration" value="0" />
                  <property name="repeatIteration" value="0" />
                </properties>
              </test-case>
              <test-case id="1038" name="BossTelegraphAcceleratesInPhaseTwo" fullname="NHN.TraceStrike.Tests.TrailFieldModelTests.BossTelegraphAcceleratesInPhaseTwo" methodname="BossTelegraphAcceleratesInPhaseTwo" classname="NHN.TraceStrike.Tests.TrailFieldModelTests" runstate="Runnable" seed="543040799" result="Passed" start-time="2026-09-02 11:09:26Z" end-time="2026-09-02 11:09:26Z" duration="0.000911" asserts="0">
                <properties>
                  <property name="retryIteration" value="0" />
                  <property name="repeatIteration" value="0" />
                </properties>
              </test-case>
              <test-case id="1044" name="BossUsesSeparateHealthPoolForEachPhase" fullname="NHN.TraceStrike.Tests.TrailFieldModelTests.BossUsesSeparateHealthPoolForEachPhase" methodname="BossUsesSeparateHealthPoolForEachPhase" classname="NHN.TraceStrike.Tests.TrailFieldModelTests" runstate="Runnable" seed="51350116" result="Passed" start-time="2026-09-02 11:09:26Z" end-time="2026-09-02 11:09:26Z" duration="0.000402" asserts="0">
                <properties>
                  <property name="retryIteration" value="0" />
                  <property name="repeatIteration" value="0" />
                </properties>
              </test-case>
              <test-case id="1052" name="CardinalCrystalLayoutPlacesFourCellsOneStepInsideEdges" fullname="NHN.TraceStrike.Tests.TrailFieldModelTests.CardinalCrystalLayoutPlacesFourCellsOneStepInsideEdges" methodname="CardinalCrystalLayoutPlacesFourCellsOneStepInsideEdges" classname="NHN.TraceStrike.Tests.TrailFieldModelTests" runstate="Runnable" seed="1448821580" result="Passed" start-time="2026-09-02 11:09:26Z" end-time="2026-09-02 11:09:26Z" duration="0.001377" asserts="0">
                <properties>
                  <property name="retryIteration" value="0" />
                  <property name="repeatIteration" value="0" />
                </properties>
              </test-case>
              <test-case id="1030" name="CloseCameraClampsAtArenaEdges" fullname="NHN.TraceStrike.Tests.TrailFieldModelTests.CloseCameraClampsAtArenaEdges" methodname="CloseCameraClampsAtArenaEdges" classname="NHN.TraceStrike.Tests.TrailFieldModelTests" runstate="Runnable" seed="1505158653" result="Passed" start-time="2026-09-02 11:09:26Z" end-time="2026-09-02 11:09:26Z" duration="0.001745" asserts="0">
                <properties>
                  <property name="retryIteration" value="0" />
                  <property name="repeatIteration" value="0" />
                </properties>
              </test-case>
              <test-case id="1031" name="CloseCameraKeepsInteriorTargetAndCentersSmallArenas" fullname="NHN.TraceStrike.Tests.TrailFieldModelTests.CloseCameraKeepsInteriorTargetAndCentersSmallArenas" methodname="CloseCameraKeepsInteriorTargetAndCentersSmallArenas" classname="NHN.TraceStrike.Tests.TrailFieldModelTests" runstate="Runnable" seed="2027837303" result="Passed" start-time="2026-09-02 11:09:26Z" end-time="2026-09-02 11:09:26Z" duration="0.000292" asserts="0">
                <properties>
                  <property name="retryIteration" value="0" />
                  <property name="repeatIteration" value="0" />
                </properties>
              </test-case>
              <test-case id="1046" name="CombinedGlyphContainsCrossAndDiamond" fullname="NHN.TraceStrike.Tests.TrailFieldModelTests.CombinedGlyphContainsCrossAndDiamond" methodname="CombinedGlyphContainsCrossAndDiamond" classname="NHN.TraceStrike.Tests.TrailFieldModelTests" runstate="Runnable" seed="234886801" result="Passed" start-time="2026-09-02 11:09:26Z" end-time="2026-09-02 11:09:26Z" duration="0.001430" asserts="0">
                <properties>
                  <property name="retryIteration" value="0" />
                  <property name="repeatIteration" value="0" />
                </properties>
              </test-case>
              <test-case id="1043" name="CombinedLaserContainsHorizontalAndVerticalPairs" fullname="NHN.TraceStrike.Tests.TrailFieldModelTests.CombinedLaserContainsHorizontalAndVerticalPairs" methodname="CombinedLaserContainsHorizontalAndVerticalPairs" classname="NHN.TraceStrike.Tests.TrailFieldModelTests" runstate="Runnable" seed="1796398715" result="Passed" start-time="2026-09-02 11:09:26Z" end-time="2026-09-02 11:09:26Z" duration="0.003775" asserts="0">
                <properties>
                  <property name="retryIteration" value="0" />
                  <property name="repeatIteration" value="0" />
                </properties>
              </test-case>
              <test-case id="1056" name="CrystalAttackIntervalsMatchBothGimmickStages" fullname="NHN.TraceStrike.Tests.TrailFieldModelTests.CrystalAttackIntervalsMatchBothGimmickStages" methodname="CrystalAttackIntervalsMatchBothGimmickStages" classname="NHN.TraceStrike.Tests.TrailFieldModelTests" runstate="Runnable" seed="321059303" result="Passed" start-time="2026-09-02 11:09:26Z" end-time="2026-09-02 11:09:26Z" duration="0.000533" asserts="0">
                <properties>
                  <property name="retryIteration" value="0" />
                  <property name="repeatIteration" value="0" />
                </properties>
              </test-case>
              <test-case id="1054" name="CrystalBlastUsesTwoCellCheckerPattern" fullname="NHN.TraceStrike.Tests.TrailFieldModelTests.CrystalBlastUsesTwoCellCheckerPattern" methodname="CrystalBlastUsesTwoCellCheckerPattern" classname="NHN.TraceStrike.Tests.TrailFieldModelTests" runstate="Runnable" seed="1219877382" result="Passed" start-time="2026-09-02 11:09:26Z" end-time="2026-09-02 11:09:26Z" duration="0.001550" asserts="0">
                <properties>
                  <property name="retryIteration" value="0" />
                  <property name="repeatIteration" value="0" />
                </properties>
              </test-case>
              <test-case id="1062" name="DesktopViewportUsesSixteenByNinePresentation" fullname="NHN.TraceStrike.Tests.TrailFieldModelTests.DesktopViewportUsesSixteenByNinePresentation" methodname="DesktopViewportUsesSixteenByNinePresentation" classname="NHN.TraceStrike.Tests.TrailFieldModelTests" runstate="Runnable" seed="1991728072" result="Passed" start-time="2026-09-02 11:09:26Z" end-time="2026-09-02 11:09:26Z" duration="0.001437" asserts="0">
                <properties>
                  <property name="retryIteration" value="0" />
                  <property name="repeatIteration" value="0" />
                </properties>
              </test-case>
              <test-case id="1047" name="EscapeRouteAlwaysLeavesAnAdjacentSafeTile" fullname="NHN.TraceStrike.Tests.TrailFieldModelTests.EscapeRouteAlwaysLeavesAnAdjacentSafeTile" methodname="EscapeRouteAlwaysLeavesAnAdjacentSafeTile" classname="NHN.TraceStrike.Tests.TrailFieldModelTests" runstate="Runnable" seed="606087965" result="Passed" start-time="2026-09-02 11:09:26Z" end-time="2026-09-02 11:09:26Z" duration="0.001957" asserts="0">
                <properties>
                  <property name="retryIteration" value="0" />
                  <property name="repeatIteration" value="0" />
                </properties>
              </test-case>
              <test-suite type="ParameterizedMethod" id="1027" name="EveryFieldHasReachableStartAndEnd" fullname="NHN.TraceStrike.Tests.TrailFieldModelTests.EveryFieldHasReachableStartAndEnd" classname="NHN.TraceStrike.Tests.TrailFieldModelTests" runstate="Runnable" testcasecount="3" result="Passed" start-time="2026-09-02 11:09:26Z" end-time="2026-09-02 11:09:26Z" duration="0.005561" total="3" passed="3" failed="0" inconclusive="0" skipped="0" asserts="0">
                <properties />
                <test-case id="1024" name="EveryFieldHasReachableStartAndEnd(0)" fullname="NHN.TraceStrike.Tests.TrailFieldModelTests.EveryFieldHasReachableStartAndEnd(0)" methodname="EveryFieldHasReachableStartAndEnd" classname="NHN.TraceStrike.Tests.TrailFieldModelTests" runstate="Runnable" seed="1532983274" result="Passed" start-time="2026-09-02 11:09:26Z" end-time="2026-09-02 11:09:26Z" duration="0.002680" asserts="0">
                  <properties>
                    <property name="retryIteration" value="0" />
                    <property name="repeatIteration" value="0" />
                  </properties>
                </test-case>
                <test-case id="1025" name="EveryFieldHasReachableStartAndEnd(1)" fullname="NHN.TraceStrike.Tests.TrailFieldModelTests.EveryFieldHasReachableStartAndEnd(1)" methodname="EveryFieldHasReachableStartAndEnd" classname="NHN.TraceStrike.Tests.TrailFieldModelTests" runstate="Runnable" seed="328457237" result="Passed" start-time="2026-09-02 11:09:26Z" end-time="2026-09-02 11:09:26Z" duration="0.000651" asserts="0">
                  <properties>
                    <property name="retryIteration" value="0" />
                    <property name="repeatIteration" value="0" />
                  </properties>
                </test-case>
                <test-case id="1026" name="EveryFieldHasReachableStartAndEnd(2)" fullname="NHN.TraceStrike.Tests.TrailFieldModelTests.EveryFieldHasReachableStartAndEnd(2)" methodname="EveryFieldHasReachableStartAndEnd" classname="NHN.TraceStrike.Tests.TrailFieldModelTests" runstate="Runnable" seed="527588367" result="Passed" start-time="2026-09-02 11:09:26Z" end-time="2026-09-02 11:09:26Z" duration="0.000467" asserts="0">
                  <properties>
                    <property name="retryIteration" value="0" />
                    <property name="repeatIteration" value="0" />
                  </properties>
                </test-case>
              </test-suite>
              <test-case id="1029" name="ExpandedArenaIsConnectedAndSymmetric" fullname="NHN.TraceStrike.Tests.TrailFieldModelTests.ExpandedArenaIsConnectedAndSymmetric" methodname="ExpandedArenaIsConnectedAndSymmetric" classname="NHN.TraceStrike.Tests.TrailFieldModelTests" runstate="Runnable" seed="737326369" result="Passed" start-time="2026-09-02 11:09:26Z" end-time="2026-09-02 11:09:26Z" duration="0.002518" asserts="0">
                <properties>
                  <property name="retryIteration" value="0" />
                  <property name="repeatIteration" value="0" />
                </properties>
              </test-case>
              <test-case id="1040" name="ExplosionMarksThreeByThreeAreaInsideField" fullname="NHN.TraceStrike.Tests.TrailFieldModelTests.ExplosionMarksThreeByThreeAreaInsideField" methodname="ExplosionMarksThreeByThreeAreaInsideField" classname="NHN.TraceStrike.Tests.TrailFieldModelTests" runstate="Runnable" seed="652285098" result="Passed" start-time="2026-09-02 11:09:26Z" end-time="2026-09-02 11:09:26Z" duration="0.001375" asserts="0">
                <properties>
                  <property name="retryIteration" value="0" />
                  <property name="repeatIteration" value="0" />
                </properties>
              </test-case>
              <test-case id="1028" name="FirstStageExpandsCircularArenaProportionallyToSeventeenBySeventeen" fullname="NHN.TraceStrike.Tests.TrailFieldModelTests.FirstStageExpandsCircularArenaProportionallyToSeventeenBySeventeen" methodname="FirstStageExpandsCircularArenaProportionallyToSeventeenBySeventeen" classname="NHN.TraceStrike.Tests.TrailFieldModelTests" runstate="Runnable" seed="769613482" result="Passed" start-time="2026-09-02 11:09:26Z" end-time="2026-09-02 11:09:26Z" duration="0.000824" asserts="0">
                <properties>
                  <property name="retryIteration" value="0" />
                  <property name="repeatIteration" value="0" />
                </properties>
              </test-case>
              <test-case id="1045" name="FixedGlyphsMatchTheirGridEquations" fullname="NHN.TraceStrike.Tests.TrailFieldModelTests.FixedGlyphsMatchTheirGridEquations" methodname="FixedGlyphsMatchTheirGridEquations" classname="NHN.TraceStrike.Tests.TrailFieldModelTests" runstate="Runnable" seed="1710750168" result="Passed" start-time="2026-09-02 11:09:26Z" end-time="2026-09-02 11:09:26Z" duration="0.001350" asserts="0">
                <properties>
                  <property name="retryIteration" value="0" />
                  <property name="repeatIteration" value="0" />
                </properties>
              </test-case>
              <test-case id="1036" name="IntroPlacementCentersPlayerAndClearsActiveTrail" fullname="NHN.TraceStrike.Tests.TrailFieldModelTests.IntroPlacementCentersPlayerAndClearsActiveTrail" methodname="IntroPlacementCentersPlayerAndClearsActiveTrail" classname="NHN.TraceStrike.Tests.TrailFieldModelTests" runstate="Runnable" seed="868817093" result="Passed" start-time="2026-09-02 11:09:26Z" end-time="2026-09-02 11:09:26Z" duration="0.000974" asserts="0">
                <properties>
                  <property name="retryIteration" value="0" />
                  <property name="repeatIteration" value="0" />
                </properties>
              </test-case>
              <test-case id="1039" name="LaserMarksOnlyTargetedRowOrColumn" fullname="NHN.TraceStrike.Tests.TrailFieldModelTests.LaserMarksOnlyTargetedRowOrColumn" methodname="LaserMarksOnlyTargetedRowOrColumn" classname="NHN.TraceStrike.Tests.TrailFieldModelTests" runstate="Runnable" seed="1592689128" result="Passed" start-time="2026-09-02 11:09:26Z" end-time="2026-09-02 11:09:26Z" duration="0.001237" asserts="0">
                <properties>
                  <property name="retryIteration" value="0" />
                  <property name="repeatIteration" value="0" />
                </properties>
              </test-case>
              <test-case id="1032" name="LeavingTheFieldIsBlocked" fullname="NHN.TraceStrike.Tests.TrailFieldModelTests.LeavingTheFieldIsBlocked" methodname="LeavingTheFieldIsBlocked" classname="NHN.TraceStrike.Tests.TrailFieldModelTests" runstate="Runnable" seed="1753719130" result="Passed" start-time="2026-09-02 11:09:26Z" end-time="2026-09-02 11:09:26Z" duration="0.000590" asserts="0">
                <properties>
                  <property name="retryIteration" value="0" />
                  <property name="repeatIteration" value="0" />
                </properties>
              </test-case>
              <test-case id="1061" name="MobileViewportAlwaysFillsTheWholeScreen" fullname="NHN.TraceStrike.Tests.TrailFieldModelTests.MobileViewportAlwaysFillsTheWholeScreen" methodname="MobileViewportAlwaysFillsTheWholeScreen" classname="NHN.TraceStrike.Tests.TrailFieldModelTests" runstate="Runnable" seed="428611743" result="Passed" start-time="2026-09-02 11:09:26Z" end-time="2026-09-02 11:09:26Z" duration="0.000278" asserts="0">
                <properties>
                  <property name="retryIteration" value="0" />
                  <property name="repeatIteration" value="0" />
                </properties>
              </test-case>
              <test-case id="1042" name="MultiLaserMarksEveryRequestedLine" fullname="NHN.TraceStrike.Tests.TrailFieldModelTests.MultiLaserMarksEveryRequestedLine" methodname="MultiLaserMarksEveryRequestedLine" classname="NHN.TraceStrike.Tests.TrailFieldModelTests" runstate="Runnable" seed="225247966" result="Passed" start-time="2026-09-02 11:09:26Z" end-time="2026-09-02 11:09:26Z" duration="0.001067" asserts="0">
                <properties>
                  <property name="retryIteration" value="0" />
                  <property name="repeatIteration" value="0" />
                </properties>
              </test-case>
              <test-case id="1034" name="NewAttackPointsDoNotTeleportPlayer" fullname="NHN.TraceStrike.Tests.TrailFieldModelTests.NewAttackPointsDoNotTeleportPlayer" methodname="NewAttackPointsDoNotTeleportPlayer" classname="NHN.TraceStrike.Tests.TrailFieldModelTests" runstate="Runnable" seed="330722754" result="Passed" start-time="2026-09-02 11:09:26Z" end-time="2026-09-02 11:09:26Z" duration="0.001769" asserts="0">
                <properties>
                  <property name="retryIteration" value="0" />
                  <property name="repeatIteration" value="0" />
                </properties>
              </test-case>
              <test-case id="1041" name="PatternIntervalAcceleratesWithFightProgress" fullname="NHN.TraceStrike.Tests.TrailFieldModelTests.PatternIntervalAcceleratesWithFightProgress" methodname="PatternIntervalAcceleratesWithFightProgress" classname="NHN.TraceStrike.Tests.TrailFieldModelTests" runstate="Runnable" seed="1225281794" result="Passed" start-time="2026-09-02 11:09:26Z" end-time="2026-09-02 11:09:26Z" duration="0.000328" asserts="0">
                <properties>
                  <property name="retryIteration" value="0" />
                  <property name="repeatIteration" value="0" />
                </properties>
              </test-case>
              <test-case id="1055" name="PhaseTwoGridPatternsCoverAlternatingRowsAndColumnsSeparately" fullname="NHN.TraceStrike.Tests.TrailFieldModelTests.PhaseTwoGridPatternsCoverAlternatingRowsAndColumnsSeparately" methodname="PhaseTwoGridPatternsCoverAlternatingRowsAndColumnsSeparately" classname="NHN.TraceStrike.Tests.TrailFieldModelTests" runstate="Runnable" seed="1915676836" result="Passed" start-time="2026-09-02 11:09:26Z" end-time="2026-09-02 11:09:26Z" duration="0.002496" asserts="0">
                <properties>
                  <property name="retryIteration" value="0" />
                  <property name="repeatIteration" value="0" />
                </properties>
              </test-case>
              <test-case id="1053" name="RandomCrystalLayoutAvoidsExcludedAndUsesUniqueCells" fullname="NHN.TraceStrike.Tests.TrailFieldModelTests.RandomCrystalLayoutAvoidsExcludedAndUsesUniqueCells" methodname="RandomCrystalLayoutAvoidsExcludedAndUsesUniqueCells" classname="NHN.TraceStrike.Tests.TrailFieldModelTests" runstate="Runnable" seed="1895493981" result="Passed" start-time="2026-09-02 11:09:26Z" end-time="2026-09-02 11:09:26Z" duration="0.002603" asserts="0">
                <properties>
                  <property name="retryIteration" value="0" />
                  <property name="repeatIteration" value="0" />
                </properties>
              </test-case>
              <test-case id="1033" name="RevisitingTrailResetsAndRequiresStart" fullname="NHN.TraceStrike.Tests.TrailFieldModelTests.RevisitingTrailResetsAndRequiresStart" methodname="RevisitingTrailResetsAndRequiresStart" classname="NHN.TraceStrike.Tests.TrailFieldModelTests" runstate="Runnable" seed="484589572" result="Passed" start-time="2026-09-02 11:09:26Z" end-time="2026-09-02 11:09:26Z" duration="0.001396" asserts="0">
                <properties>
                  <property name="retryIteration" value="0" />
                  <property name="repeatIteration" value="0" />
                </properties>
              </test-case>
              <test-case id="1035" name="ShapeChangeCanPreservePlayerCell" fullname="NHN.TraceStrike.Tests.TrailFieldModelTests.ShapeChangeCanPreservePlayerCell" methodname="ShapeChangeCanPreservePlayerCell" classname="NHN.TraceStrike.Tests.TrailFieldModelTests" runstate="Runnable" seed="502483070" result="Passed" start-time="2026-09-02 11:09:26Z" end-time="2026-09-02 11:09:26Z" duration="0.001214" asserts="0">
                <properties>
                  <property name="retryIteration" value="0" />
                  <property name="repeatIteration" value="0" />
                </properties>
              </test-case>
              <test-case id="1050" name="SpecialDamageModifiersApplyFlatBonusBeforeMultiplier" fullname="NHN.TraceStrike.Tests.TrailFieldModelTests.SpecialDamageModifiersApplyFlatBonusBeforeMultiplier" methodname="SpecialDamageModifiersApplyFlatBonusBeforeMultiplier" classname="NHN.TraceStrike.Tests.TrailFieldModelTests" runstate="Runnable" seed="1599299077" result="Passed" start-time="2026-09-02 11:09:26Z" end-time="2026-09-02 11:09:26Z" duration="0.000499" asserts="0">
                <properties>
                  <property name="retryIteration" value="0" />
                  <property name="repeatIteration" value="0" />
                </properties>
              </test-case>
              <test-case id="1049" name="SpecialTileGenerationIsDeterministic" fullname="NHN.TraceStrike.Tests.TrailFieldModelTests.SpecialTileGenerationIsDeterministic" methodname="SpecialTileGenerationIsDeterministic" classname="NHN.TraceStrike.Tests.TrailFieldModelTests" runstate="Runnable" seed="1641997139" result="Passed" start-time="2026-09-02 11:09:26Z" end-time="2026-09-02 11:09:26Z" duration="0.003782" asserts="0">
                <properties>
                  <property name="retryIteration" value="0" />
                  <property name="repeatIteration" value="0" />
                </properties>
              </test-case>
              <test-case id="1048" name="SpecialTilesContainEveryEffectAndAvoidReservedCells" fullname="NHN.TraceStrike.Tests.TrailFieldModelTests.SpecialTilesContainEveryEffectAndAvoidReservedCells" methodname="SpecialTilesContainEveryEffectAndAvoidReservedCells" classname="NHN.TraceStrike.Tests.TrailFieldModelTests" runstate="Runnable" seed="1280447372" result="Passed" start-time="2026-09-02 11:09:26Z" end-time="2026-09-02 11:09:26Z" duration="0.003254" asserts="0">
                <properties>
                  <property name="retryIteration" value="0" />
                  <property name="repeatIteration" value="0" />
                </properties>
              </test-case>
              <test-case id="1060" name="TelegraphProgressReachesBorderExactlyAtAttackTime" fullname="NHN.TraceStrike.Tests.TrailFieldModelTests.TelegraphProgressReachesBorderExactlyAtAttackTime" methodname="TelegraphProgressReachesBorderExactlyAtAttackTime" classname="NHN.TraceStrike.Tests.TrailFieldModelTests" runstate="Runnable" seed="516188657" result="Passed" start-time="2026-09-02 11:09:26Z" end-time="2026-09-02 11:09:26Z" duration="0.000356" asserts="0">
                <properties>
                  <property name="retryIteration" value="0" />
                  <property name="repeatIteration" value="0" />
                </properties>
              </test-case>
              <test-case id="1037" name="TitleRevealRadiusCoversEverySixteenByNineCorner" fullname="NHN.TraceStrike.Tests.TrailFieldModelTests.TitleRevealRadiusCoversEverySixteenByNineCorner" methodname="TitleRevealRadiusCoversEverySixteenByNineCorner" classname="NHN.TraceStrike.Tests.TrailFieldModelTests" runstate="Runnable" seed="662990750" result="Passed" start-time="2026-09-02 11:09:26Z" end-time="2026-09-02 11:09:26Z" duration="0.000713" asserts="0">
                <properties>
                  <property name="retryIteration" value="0" />
                  <property name="repeatIteration" value="0" />
                </properties>
              </test-case>
              <test-case id="1058" name="TutorialIntroducesSpecialTilesInRequiredOrder" fullname="NHN.TraceStrike.Tests.TrailFieldModelTests.TutorialIntroducesSpecialTilesInRequiredOrder" methodname="TutorialIntroducesSpecialTilesInRequiredOrder" classname="NHN.TraceStrike.Tests.TrailFieldModelTests" runstate="Runnable" seed="1742657722" result="Passed" start-time="2026-09-02 11:09:26Z" end-time="2026-09-02 11:09:26Z" duration="0.000835" asserts="0">
                <properties>
                  <property name="retryIteration" value="0" />
                  <property name="repeatIteration" value="0" />
                </properties>
              </test-case>
              <test-case id="1059" name="TutorialSpecialTargetsAreUniqueAndConnected" fullname="NHN.TraceStrike.Tests.TrailFieldModelTests.TutorialSpecialTargetsAreUniqueAndConnected" methodname="TutorialSpecialTargetsAreUniqueAndConnected" classname="NHN.TraceStrike.Tests.TrailFieldModelTests" runstate="Runnable" seed="1493348210" result="Passed" start-time="2026-09-02 11:09:26Z" end-time="2026-09-02 11:09:26Z" duration="0.000611" asserts="0">
                <properties>
                  <property name="retryIteration" value="0" />
                  <property name="repeatIteration" value="0" />
                </properties>
              </test-case>
              <test-case id="1057" name="TutorialUsesFourByFourBounds" fullname="NHN.TraceStrike.Tests.TrailFieldModelTests.TutorialUsesFourByFourBounds" methodname="TutorialUsesFourByFourBounds" classname="NHN.TraceStrike.Tests.TrailFieldModelTests" runstate="Runnable" seed="1755807627" result="Passed" start-time="2026-09-02 11:09:26Z" end-time="2026-09-02 11:09:26Z" duration="0.000269" asserts="0">
                <properties>
                  <property name="retryIteration" value="0" />
                  <property name="repeatIteration" value="0" />
                </properties>
                <output><![CDATA[Saving results to: C:/Users/owner/AppData/LocalLow/NHN Challenge Team/Trace Strike\TestResults.xml
]]></output>
              </test-case>
            </test-suite>
          </test-suite>
        </test-suite>
      </test-suite>
    </test-suite>
  </test-suite>
</test-run>