<?xml version="1.0" encoding="utf-8"?>
<test-run id="2" testcasecount="56" result="Passed" total="56" passed="56" failed="0" inconclusive="0" skipped="0" asserts="0" engine-version="3.5.0.0" clr-version="4.0.30319.42000" start-time="2026-09-02 11:06:48Z" end-time="2026-09-02 11:06:48Z" duration="0.1586145">
  <test-suite type="TestSuite" id="1000" name="Trace Strike" fullname="Trace Strike" runstate="Runnable" testcasecount="56" result="Passed" start-time="2026-09-02 11:06:48Z" end-time="2026-09-02 11:06:48Z" duration="0.158615" total="56" passed="56" failed="0" inconclusive="0" skipped="0" asserts="0">
    <properties>
      <property name="platform" value="EditMode" />
    </properties>
    <test-suite type="Assembly" id="1063" name="Assembly-CSharp-Editor.dll" fullname="D:/codex/NHN/NHN_New/Library/ScriptAssemblies/Assembly-CSharp-Editor.dll" runstate="Runnable" testcasecount="56" result="Passed" start-time="2026-09-02 11:06:48Z" end-time="2026-09-02 11:06:48Z" duration="0.149566" total="56" passed="56" failed="0" inconclusive="0" skipped="0" asserts="0">
      <properties>
        <property name="_PID" value="13612" />
        <property name="_APPDOMAIN" value="Unity Child Domain" />
        <property name="platform" value="EditMode" />
        <property name="EditorOnly" value="True" />
      </properties>
      <test-suite type="TestSuite" id="1064" name="NHN" fullname="NHN" runstate="Runnable" testcasecount="56" result="Passed" start-time="2026-09-02 11:06:48Z" end-time="2026-09-02 11:06:48Z" duration="0.149063" total="56" passed="56" failed="0" inconclusive="0" skipped="0" asserts="0">
        <properties />
        <test-suite type="TestSuite" id="1065" name="TraceStrike" fullname="NHN.TraceStrike" runstate="Runnable" testcasecount="56" result="Passed" start-time="2026-09-02 11:06:48Z" end-time="2026-09-02 11:06:48Z" duration="0.148640" total="56" passed="56" failed="0" inconclusive="0" skipped="0" asserts="0">
          <properties />
          <test-suite type="TestSuite" id="1066" name="Tests" fullname="NHN.TraceStrike.Tests" runstate="Runnable" testcasecount="56" result="Passed" start-time="2026-09-02 11:06:48Z" end-time="2026-09-02 11:06:48Z" duration="0.148055" total="56" passed="56" failed="0" inconclusive="0" skipped="0" asserts="0">
            <properties />
            <test-suite type="TestFixture" id="1001" name="CombatBalanceRulesTests" fullname="NHN.TraceStrike.Tests.CombatBalanceRulesTests" classname="NHN.TraceStrike.Tests.CombatBalanceRulesTests" runstate="Runnable" testcasecount="8" result="Passed" start-time="2026-09-02 11:06:48Z" end-time="2026-09-02 11:06:48Z" duration="0.050670" total="8" passed="8" failed="0" inconclusive="0" skipped="0" asserts="0">
              <properties />
              <test-case id="1006" name="CenterThreeByThreeUsesDoubleDamage" fullname="NHN.TraceStrike.Tests.CombatBalanceRulesTests.CenterThreeByThreeUsesDoubleDamage" methodname="CenterThreeByThreeUsesDoubleDamage" classname="NHN.TraceStrike.Tests.CombatBalanceRulesTests" runstate="Runnable" seed="627785323" result="Passed" start-time="2026-09-02 11:06:48Z" end-time="2026-09-02 11:06:48Z" duration="0.022826" asserts="0">
                <properties>
                  <property name="retryIteration" value="0" />
                  <property name="repeatIteration" value="0" />
                </properties>
              </test-case>
              <test-case id="1009" name="EnteringAfterExplosionDoesNotReceiveOldDamage" fullname="NHN.TraceStrike.Tests.CombatBalanceRulesTests.EnteringAfterExplosionDoesNotReceiveOldDamage" methodname="EnteringAfterExplosionDoesNotReceiveOldDamage" classname="NHN.TraceStrike.Tests.CombatBalanceRulesTests" runstate="Runnable" seed="1765328301" result="Passed" start-time="2026-09-02 11:06:48Z" end-time="2026-09-02 11:06:48Z" duration="0.001044" asserts="0">
                <properties>
                  <property name="retryIteration" value="0" />
                  <property name="repeatIteration" value="0" />
                </properties>
              </test-case>
              <test-case id="1008" name="LeavingDangerDuringCoyoteTimeSurvives" fullname="NHN.TraceStrike.Tests.CombatBalanceRulesTests.LeavingDangerDuringCoyoteTimeSurvives" methodname="LeavingDangerDuringCoyoteTimeSurvives" classname="NHN.TraceStrike.Tests.CombatBalanceRulesTests" runstate="Runnable" seed="442678634" result="Passed" start-time="2026-09-02 11:06:48Z" end-time="2026-09-02 11:06:48Z" duration="0.000431" asserts="0">
                <properties>
                  <property name="retryIteration" value="0" />
                  <property name="repeatIteration" value="0" />
                </properties>
              </test-case>
              <test-case id="1007" name="MixedTrailDamageDependsOnTilePosition" fullname="NHN.TraceStrike.Tests.CombatBalanceRulesTests.MixedTrailDamageDependsOnTilePosition" methodname="MixedTrailDamageDependsOnTilePosition" classname="NHN.TraceStrike.Tests.CombatBalanceRulesTests" runstate="Runnable" seed="1285371216" result="Passed" start-time="2026-09-02 11:06:48Z" end-time="2026-09-02 11:06:48Z" duration="0.000332" asserts="0">
                <properties>
                  <property name="retryIteration" value="0" />
                  <property name="repeatIteration" value="0" />
                </properties>
              </test-case>
              <test-case id="1010" name="RemainingInsideDangerAfterCoyoteTimeIsHit" fullname="NHN.TraceStrike.Tests.CombatBalanceRulesTests.RemainingInsideDangerAfterCoyoteTimeIsHit" methodname="RemainingInsideDangerAfterCoyoteTimeIsHit" classname="NHN.TraceStrike.Tests.CombatBalanceRulesTests" runstate="Runnable" seed="123856809" result="Passed" start-time="2026-09-02 11:06:48Z" end-time="2026-09-02 11:06:48Z" duration="0.000465" asserts="0">
                <properties>
                  <property name="retryIteration" value="0" />
                  <property name="repeatIteration" value="0" />
                </properties>
              </test-case>
              <test-suite type="ParameterizedMethod" id="1005" name="TrailDamageIsExactlyOnePerPaintedCell" fullname="NHN.TraceStrike.Tests.CombatBalanceRulesTests.TrailDamageIsExactlyOnePerPaintedCell" classname="NHN.TraceStrike.Tests.CombatBalanceRulesTests" runstate="Runnable" testcasecount="3" result="Passed" start-time="2026-09-02 11:06:48Z" end-time="2026-09-02 11:06:48Z" duration="0.003290" total="3" passed="3" failed="0" inconclusive="0" skipped="0" asserts="0">
                <properties />
                <test-case id="1002" name="TrailDamageIsExactlyOnePerPaintedCell(1,1)" fullname="NHN.TraceStrike.Tests.CombatBalanceRulesTests.TrailDamageIsExactlyOnePerPaintedCell(1,1)" methodname="TrailDamageIsExactlyOnePerPaintedCell" classname="NHN.TraceStrike.Tests.CombatBalanceRulesTests" runstate="Runnable" seed="1526591624" result="Passed" start-time="2026-09-02 11:06:48Z" end-time="2026-09-02 11:06:48Z" duration="0.000329" asserts="0">
                  <properties>
                    <property name="retryIteration" value="0" />
                    <property name="repeatIteration" value="0" />
                  </properties>
                </test-case>
                <test-case id="1003" name="TrailDamageIsExactlyOnePerPaintedCell(7,7)" fullname="NHN.TraceStrike.Tests.CombatBalanceRulesTests.TrailDamageIsExactlyOnePerPaintedCell(7,7)" methodname="TrailDamageIsExactlyOnePerPaintedCell" classname="NHN.TraceStrike.Tests.CombatBalanceRulesTests" runstate="Runnable" seed="1549283103" result="Passed" start-time="2026-09-02 11:06:48Z" end-time="2026-09-02 11:06:48Z" duration="0.000071" asserts="0">
                  <properties>
                    <property name="retryIteration" value="0" />
                    <property name="repeatIteration" value="0" />
                  </properties>
                </test-case>
                <test-case id="1004" name="TrailDamageIsExactlyOnePerPaintedCell(24,24)" fullname="NHN.TraceStrike.Tests.CombatBalanceRulesTests.TrailDamageIsExactlyOnePerPaintedCell(24,24)" methodname="TrailDamageIsExactlyOnePerPaintedCell" classname="NHN.TraceStrike.Tests.CombatBalanceRulesTests" runstate="Runnable" seed="268372603" result="Passed" start-time="2026-09-02 11:06:48Z" end-time="2026-09-02 11:06:48Z" duration="0.000084" asserts="0">
                  <properties>
                    <property name="retryIteration" value="0" />
                    <property name="repeatIteration" value="0" />
                  </properties>
                </test-case>
              </test-suite>
            </test-suite>
            <test-suite type="TestFixture" id="1011" name="HubWorldModelTests" fullname="NHN.TraceStrike.Tests.HubWorldModelTests" classname="NHN.TraceStrike.Tests.HubWorldModelTests" runstate="Runnable" testcasecount="5" result="Passed" start-time="2026-09-02 11:06:48Z" end-time="2026-09-02 11:06:48Z" duration="0.011303" total="5" passed="5" failed="0" inconclusive="0" skipped="0" asserts="0">
              <properties />
              <test-case id="1014" name="AvailableStageRequiresTwoCollisions" fullname="NHN.TraceStrike.Tests.HubWorldModelTests.AvailableStageRequiresTwoCollisions" methodname="AvailableStageRequiresTwoCollisions" classname="NHN.TraceStrike.Tests.HubWorldModelTests" runstate="Runnable" seed="1173215984" result="Passed" start-time="2026-09-02 11:06:48Z" end-time="2026-09-02 11:06:48Z" duration="0.005317" asserts="0">
                <properties>
                  <property name="retryIteration" value="0" />
                  <property name="repeatIteration" value="0" />
                </properties>
              </test-case>
              <test-case id="1012" name="CharacterCollisionPreviewsThenSwapsAndMovesThrough" fullname="NHN.TraceStrike.Tests.HubWorldModelTests.CharacterCollisionPreviewsThenSwapsAndMovesThrough" methodname="CharacterCollisionPreviewsThenSwapsAndMovesThrough" classname="NHN.TraceStrike.Tests.HubWorldModelTests" runstate="Runnable" seed="1929810088" result="Passed" start-time="2026-09-02 11:06:48Z" end-time="2026-09-02 11:06:48Z" duration="0.001545" asserts="0">
                <properties>
                  <property name="retryIteration" value="0" />
                  <property name="repeatIteration" value="0" />
                </properties>
              </test-case>
              <test-case id="1015" name="FutureStageStaysLockedOnSecondCollision" fullname="NHN.TraceStrike.Tests.HubWorldModelTests.FutureStageStaysLockedOnSecondCollision" methodname="FutureStageStaysLockedOnSecondCollision" classname="NHN.TraceStrike.Tests.HubWorldModelTests" runstate="Runnable" seed="1295783938" result="Passed" start-time="2026-09-02 11:06:48Z" end-time="2026-09-02 11:06:48Z" duration="0.000335" asserts="0">
                <properties>
                  <property name="retryIteration" value="0" />
                  <property name="repeatIteration" value="0" />
                </properties>
              </test-case>
              <test-case id="1016" name="MapBoundaryBlocksMovement" fullname="NHN.TraceStrike.Tests.HubWorldModelTests.MapBoundaryBlocksMovement" methodname="MapBoundaryBlocksMovement" classname="NHN.TraceStrike.Tests.HubWorldModelTests" runstate="Runnable" seed="1090438116" result="Passed" start-time="2026-09-02 11:06:48Z" end-time="2026-09-02 11:06:48Z" duration="0.000247" asserts="0">
                <properties>
                  <property name="retryIteration" value="0" />
                  <property name="repeatIteration" value="0" />
                </properties>
              </test-case>
              <test-case id="1013" name="MovingTwoCellsFromFocusedObjectClearsPreview" fullname="NHN.TraceStrike.Tests.HubWorldModelTests.MovingTwoCellsFromFocusedObjectClearsPreview" methodname="MovingTwoCellsFromFocusedObjectClearsPreview" classname="NHN.TraceStrike.Tests.HubWorldModelTests" runstate="Runnable" seed="1412409263" result="Passed" start-time="2026-09-02 11:06:48Z" end-time="2026-09-02 11:06:48Z" duration="0.000288" asserts="0">
                <properties>
                  <property name="retryIteration" value="0" />
                  <property name="repeatIteration" value="0" />
                </properties>
              </test-case>
            </test-suite>
            <test-suite type="TestFixture" id="1017" name="ObjectiveArrowTests" fullname="NHN.TraceStrike.Tests.ObjectiveArrowTests" classname="NHN.TraceStrike.Tests.ObjectiveArrowTests" runstate="Runnable" testcasecount="5" result="Passed" start-time="2026-09-02 11:06:48Z" end-time="2026-09-02 11:06:48Z" duration="0.016429" total="5" passed="5" failed="0" inconclusive="0" skipped="0" asserts="0">
              <properties />
              <test-case id="1018" name="BeforeTracingArrowTargetsStart" fullname="NHN.TraceStrike.Tests.ObjectiveArrowTests.BeforeTracingArrowTargetsStart" methodname="BeforeTracingArrowTargetsStart" classname="NHN.TraceStrike.Tests.ObjectiveArrowTests" runstate="Runnable" seed="710427926" result="Passed" start-time="2026-09-02 11:06:48Z" end-time="2026-09-02 11:06:48Z" duration="0.009934" asserts="0">
                <properties>
                  <property name="retryIteration" value="0" />
                  <property name="repeatIteration" value="0" />
                </properties>
              </test-case>
              <test-case id="1021" name="NewRoundTargetsNewStartWithoutTeleporting" fullname="NHN.TraceStrike.Tests.ObjectiveArrowTests.NewRoundTargetsNewStartWithoutTeleporting" methodname="NewRoundTargetsNewStartWithoutTeleporting" classname="NHN.TraceStrike.Tests.ObjectiveArrowTests" runstate="Runnable" seed="1640480067" result="Passed" start-time="2026-09-02 11:06:48Z" end-time="2026-09-02 11:06:48Z" duration="0.002446" asserts="0">
                <properties>
                  <property name="retryIteration" value="0" />
                  <property name="repeatIteration" value="0" />
                </properties>
              </test-case>
              <test-case id="1022" name="RespawnOnStartTargetsEndAndBlockedMovesDoNotChangeIt" fullname="NHN.TraceStrike.Tests.ObjectiveArrowTests.RespawnOnStartTargetsEndAndBlockedMovesDoNotChangeIt" methodname="RespawnOnStartTargetsEndAndBlockedMovesDoNotChangeIt" classname="NHN.TraceStrike.Tests.ObjectiveArrowTests" runstate="Runnable" seed="1798840994" result="Passed" start-time="2026-09-02 11:06:48Z" end-time="2026-09-02 11:06:48Z" duration="0.001101" asserts="0">
                <properties>
                  <property name="retryIteration" value="0" />
                  <property name="repeatIteration" value="0" />
                </properties>
              </test-case>
              <test-case id="1020" name="RevisitedTrailSwitchesArrowBackToStart" fullname="NHN.TraceStrike.Tests.ObjectiveArrowTests.RevisitedTrailSwitchesArrowBackToStart" methodname="RevisitedTrailSwitchesArrowBackToStart" classname="NHN.TraceStrike.Tests.ObjectiveArrowTests" runstate="Runnable" seed="1295648060" result="Passed" start-time="2026-09-02 11:06:48Z" end-time="2026-09-02 11:06:48Z" duration="0.000900" asserts="0">
                <properties>
                  <property name="retryIteration" value="0" />
                  <property name="repeatIteration" value="0" />
                </properties>
              </test-case>
              <test-case id="1019" name="SteppingOnStartSwitchesArrowToEndImmediately" fullname="NHN.TraceStrike.Tests.ObjectiveArrowTests.SteppingOnStartSwitchesArrowToEndImmediately" methodname="SteppingOnStartSwitchesArrowToEndImmediately" classname="NHN.TraceStrike.Tests.ObjectiveArrowTests" runstate="Runnable" seed="1001946134" result="Passed" start-time="2026-09-02 11:06:48Z" end-time="2026-09-02 11:06:48Z" duration="0.000551" asserts="0">
                <properties>
                  <property name="retryIteration" value="0" />
                  <property name="repeatIteration" value="0" />
                </properties>
              </test-case>
            </test-suite>
            <test-suite type="TestFixture" id="1023" name="TrailFieldModelTests" fullname="NHN.TraceStrike.Tests.TrailFieldModelTests" classname="NHN.TraceStrike.Tests.TrailFieldModelTests" runstate="Runnable" testcasecount="38" result="Passed" start-time="2026-09-02 11:06:48Z" end-time="2026-09-02 11:06:48Z" duration="0.067401" total="38" passed="38" failed="0" inconclusive="0" skipped="0" asserts="0">
              <properties />
              <test-case id="1051" name="BlockedCrystalCellRejectsMovementAndRoundEndpoints" fullname="NHN.TraceStrike.Tests.TrailFieldModelTests.BlockedCrystalCellRejectsMovementAndRoundEndpoints" methodname="BlockedCrystalCellRejectsMovementAndRoundEndpoints" classname="NHN.TraceStrike.Tests.TrailFieldModelTests" runstate="Runnable" seed="1155870092" result="Passed" start-time="2026-09-02 11:06:48Z" end-time="2026-09-02 11:06:48Z" duration="0.001832" asserts="0">
                <properties>
                  <property name="retryIteration" value="0" />
                  <property name="repeatIteration" value="0" />
                </properties>
              </test-case>
              <test-case id="1038" name="BossTelegraphAcceleratesInPhaseTwo" fullname="NHN.TraceStrike.Tests.TrailFieldModelTests.BossTelegraphAcceleratesInPhaseTwo" methodname="BossTelegraphAcceleratesInPhaseTwo" classname="NHN.TraceStrike.Tests.TrailFieldModelTests" runstate="Runnable" seed="113775560" result="Passed" start-time="2026-09-02 11:06:48Z" end-time="2026-09-02 11:06:48Z" duration="0.001211" asserts="0">
                <properties>
                  <property name="retryIteration" value="0" />
                  <property name="repeatIteration" value="0" />
                </properties>
              </test-case>
              <test-case id="1044" name="BossUsesSeparateHealthPoolForEachPhase" fullname="NHN.TraceStrike.Tests.TrailFieldModelTests.BossUsesSeparateHealthPoolForEachPhase" methodname="BossUsesSeparateHealthPoolForEachPhase" classname="NHN.TraceStrike.Tests.TrailFieldModelTests" runstate="Runnable" seed="1384602113" result="Passed" start-time="2026-09-02 11:06:48Z" end-time="2026-09-02 11:06:48Z" duration="0.000436" asserts="0">
                <properties>
                  <property name="retryIteration" value="0" />
                  <property name="repeatIteration" value="0" />
                </properties>
              </test-case>
              <test-case id="1052" name="CardinalCrystalLayoutPlacesFourCellsOneStepInsideEdges" fullname="NHN.TraceStrike.Tests.TrailFieldModelTests.CardinalCrystalLayoutPlacesFourCellsOneStepInsideEdges" methodname="CardinalCrystalLayoutPlacesFourCellsOneStepInsideEdges" classname="NHN.TraceStrike.Tests.TrailFieldModelTests" runstate="Runnable" seed="140492428" result="Passed" start-time="2026-09-02 11:06:48Z" end-time="2026-09-02 11:06:48Z" duration="0.001480" asserts="0">
                <properties>
                  <property name="retryIteration" value="0" />
                  <property name="repeatIteration" value="0" />
                </properties>
              </test-case>
              <test-case id="1030" name="CloseCameraClampsAtArenaEdges" fullname="NHN.TraceStrike.Tests.TrailFieldModelTests.CloseCameraClampsAtArenaEdges" methodname="CloseCameraClampsAtArenaEdges" classname="NHN.TraceStrike.Tests.TrailFieldModelTests" runstate="Runnable" seed="572582209" result="Passed" start-time="2026-09-02 11:06:48Z" end-time="2026-09-02 11:06:48Z" duration="0.002234" asserts="0">
                <properties>
                  <property name="retryIteration" value="0" />
                  <property name="repeatIteration" value="0" />
                </properties>
              </test-case>
              <test-case id="1031" name="CloseCameraKeepsInteriorTargetAndCentersSmallArenas" fullname="NHN.TraceStrike.Tests.TrailFieldModelTests.CloseCameraKeepsInteriorTargetAndCentersSmallArenas" methodname="CloseCameraKeepsInteriorTargetAndCentersSmallArenas" classname="NHN.TraceStrike.Tests.TrailFieldModelTests" runstate="Runnable" seed="407854808" result="Passed" start-time="2026-09-02 11:06:48Z" end-time="2026-09-02 11:06:48Z" duration="0.000401" asserts="0">
                <properties>
                  <property name="retryIteration" value="0" />
                  <property name="repeatIteration" value="0" />
                </properties>
              </test-case>
              <test-case id="1046" name="CombinedGlyphContainsCrossAndDiamond" fullname="NHN.TraceStrike.Tests.TrailFieldModelTests.CombinedGlyphContainsCrossAndDiamond" methodname="CombinedGlyphContainsCrossAndDiamond" classname="NHN.TraceStrike.Tests.TrailFieldModelTests" runstate="Runnable" seed="1453822255" result="Passed" start-time="2026-09-02 11:06:48Z" end-time="2026-09-02 11:06:48Z" duration="0.001520" asserts="0">
                <properties>
                  <property name="retryIteration" value="0" />
                  <property name="repeatIteration" value="0" />
                </properties>
              </test-case>
              <test-case id="1043" name="CombinedLaserContainsHorizontalAndVerticalPairs" fullname="NHN.TraceStrike.Tests.TrailFieldModelTests.CombinedLaserContainsHorizontalAndVerticalPairs" methodname="CombinedLaserContainsHorizontalAndVerticalPairs" classname="NHN.TraceStrike.Tests.TrailFieldModelTests" runstate="Runnable" seed="1477169934" result="Passed" start-time="2026-09-02 11:06:48Z" end-time="2026-09-02 11:06:48Z" duration="0.004908" asserts="0">
                <properties>
                  <property name="retryIteration" value="0" />
                  <property name="repeatIteration" value="0" />
                </properties>
              </test-case>
              <test-case id="1056" name="CrystalAttackIntervalsMatchBothGimmickStages" fullname="NHN.TraceStrike.Tests.TrailFieldModelTests.CrystalAttackIntervalsMatchBothGimmickStages" methodname="CrystalAttackIntervalsMatchBothGimmickStages" classname="NHN.TraceStrike.Tests.TrailFieldModelTests" runstate="Runnable" seed="192071591" result="Passed" start-time="2026-09-02 11:06:48Z" end-time="2026-09-02 11:06:48Z" duration="0.000415" asserts="0">
                <properties>
                  <property name="retryIteration" value="0" />
                  <property name="repeatIteration" value="0" />
                </properties>
              </test-case>
              <test-case id="1054" name="CrystalBlastUsesTwoCellCheckerPattern" fullname="NHN.TraceStrike.Tests.TrailFieldModelTests.CrystalBlastUsesTwoCellCheckerPattern" methodname="CrystalBlastUsesTwoCellCheckerPattern" classname="NHN.TraceStrike.Tests.TrailFieldModelTests" runstate="Runnable" seed="1124435656" result="Passed" start-time="2026-09-02 11:06:48Z" end-time="2026-09-02 11:06:48Z" duration="0.001311" asserts="0">
                <properties>
                  <property name="retryIteration" value="0" />
                  <property name="repeatIteration" value="0" />
                </properties>
              </test-case>
              <test-case id="1062" name="DesktopViewportUsesSixteenByNinePresentation" fullname="NHN.TraceStrike.Tests.TrailFieldModelTests.DesktopViewportUsesSixteenByNinePresentation" methodname="DesktopViewportUsesSixteenByNinePresentation" classname="NHN.TraceStrike.Tests.TrailFieldModelTests" runstate="Runnable" seed="273230584" result="Passed" start-time="2026-09-02 11:06:48Z" end-time="2026-09-02 11:06:48Z" duration="0.001270" asserts="0">
                <properties>
                  <property name="retryIteration" value="0" />
                  <property name="repeatIteration" value="0" />
                </properties>
              </test-case>
              <test-case id="1047" name="EscapeRouteAlwaysLeavesAnAdjacentSafeTile" fullname="NHN.TraceStrike.Tests.TrailFieldModelTests.EscapeRouteAlwaysLeavesAnAdjacentSafeTile" methodname="EscapeRouteAlwaysLeavesAnAdjacentSafeTile" classname="NHN.TraceStrike.Tests.TrailFieldModelTests" runstate="Runnable" seed="262914405" result="Passed" start-time="2026-09-02 11:06:48Z" end-time="2026-09-02 11:06:48Z" duration="0.001419" asserts="0">
                <properties>
                  <property name="retryIteration" value="0" />
                  <property name="repeatIteration" value="0" />
                </properties>
              </test-case>
              <test-suite type="ParameterizedMethod" id="1027" name="EveryFieldHasReachableStartAndEnd" fullname="NHN.TraceStrike.Tests.TrailFieldModelTests.EveryFieldHasReachableStartAndEnd" classname="NHN.TraceStrike.Tests.TrailFieldModelTests" runstate="Runnable" testcasecount="3" result="Passed" start-time="2026-09-02 11:06:48Z" end-time="2026-09-02 11:06:48Z" duration="0.002866" total="3" passed="3" failed="0" inconclusive="0" skipped="0" asserts="0">
                <properties />
                <test-case id="1024" name="EveryFieldHasReachableStartAndEnd(0)" fullname="NHN.TraceStrike.Tests.TrailFieldModelTests.EveryFieldHasReachableStartAndEnd(0)" methodname="EveryFieldHasReachableStartAndEnd" classname="NHN.TraceStrike.Tests.TrailFieldModelTests" runstate="Runnable" seed="1808048884" result="Passed" start-time="2026-09-02 11:06:48Z" end-time="2026-09-02 11:06:48Z" duration="0.001241" asserts="0">
                  <properties>
                    <property name="retryIteration" value="0" />
                    <property name="repeatIteration" value="0" />
                  </properties>
                </test-case>
                <test-case id="1025" name="EveryFieldHasReachableStartAndEnd(1)" fullname="NHN.TraceStrike.Tests.TrailFieldModelTests.EveryFieldHasReachableStartAndEnd(1)" methodname="EveryFieldHasReachableStartAndEnd" classname="NHN.TraceStrike.Tests.TrailFieldModelTests" runstate="Runnable" seed="1258248915" result="Passed" start-time="2026-09-02 11:06:48Z" end-time="2026-09-02 11:06:48Z" duration="0.000249" asserts="0">
                  <properties>
                    <property name="retryIteration" value="0" />
                    <property name="repeatIteration" value="0" />
                  </properties>
                </test-case>
                <test-case id="1026" name="EveryFieldHasReachableStartAndEnd(2)" fullname="NHN.TraceStrike.Tests.TrailFieldModelTests.EveryFieldHasReachableStartAndEnd(2)" methodname="EveryFieldHasReachableStartAndEnd" classname="NHN.TraceStrike.Tests.TrailFieldModelTests" runstate="Runnable" seed="144585132" result="Passed" start-time="2026-09-02 11:06:48Z" end-time="2026-09-02 11:06:48Z" duration="0.000226" asserts="0">
                  <properties>
                    <property name="retryIteration" value="0" />
                    <property name="repeatIteration" value="0" />
                  </properties>
                </test-case>
              </test-suite>
              <test-case id="1029" name="ExpandedArenaIsConnectedAndSymmetric" fullname="NHN.TraceStrike.Tests.TrailFieldModelTests.ExpandedArenaIsConnectedAndSymmetric" methodname="ExpandedArenaIsConnectedAndSymmetric" classname="NHN.TraceStrike.Tests.TrailFieldModelTests" runstate="Runnable" seed="924314277" result="Passed" start-time="2026-09-02 11:06:48Z" end-time="2026-09-02 11:06:48Z" duration="0.001444" asserts="0">
                <properties>
                  <property name="retryIteration" value="0" />
                  <property name="repeatIteration" value="0" />
                </properties>
              </test-case>
              <test-case id="1040" name="ExplosionMarksThreeByThreeAreaInsideField" fullname="NHN.TraceStrike.Tests.TrailFieldModelTests.ExplosionMarksThreeByThreeAreaInsideField" methodname="ExplosionMarksThreeByThreeAreaInsideField" classname="NHN.TraceStrike.Tests.TrailFieldModelTests" runstate="Runnable" seed="101041261" result="Passed" start-time="2026-09-02 11:06:48Z" end-time="2026-09-02 11:06:48Z" duration="0.001162" asserts="0">
                <properties>
                  <property name="retryIteration" value="0" />
                  <property name="repeatIteration" value="0" />
                </properties>
              </test-case>
              <test-case id="1028" name="FirstStageExpandsCircularArenaProportionallyToSeventeenBySeventeen" fullname="NHN.TraceStrike.Tests.TrailFieldModelTests.FirstStageExpandsCircularArenaProportionallyToSeventeenBySeventeen" methodname="FirstStageExpandsCircularArenaProportionallyToSeventeenBySeventeen" classname="NHN.TraceStrike.Tests.TrailFieldModelTests" runstate="Runnable" seed="1923878353" result="Passed" start-time="2026-09-02 11:06:48Z" end-time="2026-09-02 11:06:48Z" duration="0.000772" asserts="0">
                <properties>
                  <property name="retryIteration" value="0" />
                  <property name="repeatIteration" value="0" />
                </properties>
              </test-case>
              <test-case id="1045" name="FixedGlyphsMatchTheirGridEquations" fullname="NHN.TraceStrike.Tests.TrailFieldModelTests.FixedGlyphsMatchTheirGridEquations" methodname="FixedGlyphsMatchTheirGridEquations" classname="NHN.TraceStrike.Tests.TrailFieldModelTests" runstate="Runnable" seed="1649106539" result="Passed" start-time="2026-09-02 11:06:48Z" end-time="2026-09-02 11:06:48Z" duration="0.001161" asserts="0">
                <properties>
                  <property name="retryIteration" value="0" />
                  <property name="repeatIteration" value="0" />
                </properties>
              </test-case>
              <test-case id="1036" name="IntroPlacementCentersPlayerAndClearsActiveTrail" fullname="NHN.TraceStrike.Tests.TrailFieldModelTests.IntroPlacementCentersPlayerAndClearsActiveTrail" methodname="IntroPlacementCentersPlayerAndClearsActiveTrail" classname="NHN.TraceStrike.Tests.TrailFieldModelTests" runstate="Runnable" seed="1215058043" result="Passed" start-time="2026-09-02 11:06:48Z" end-time="2026-09-02 11:06:48Z" duration="0.000730" asserts="0">
                <properties>
                  <property name="retryIteration" value="0" />
                  <property name="repeatIteration" value="0" />
                </properties>
              </test-case>
              <test-case id="1039" name="LaserMarksOnlyTargetedRowOrColumn" fullname="NHN.TraceStrike.Tests.TrailFieldModelTests.LaserMarksOnlyTargetedRowOrColumn" methodname="LaserMarksOnlyTargetedRowOrColumn" classname="NHN.TraceStrike.Tests.TrailFieldModelTests" runstate="Runnable" seed="1759557041" result="Passed" start-time="2026-09-02 11:06:48Z" end-time="2026-09-02 11:06:48Z" duration="0.000673" asserts="0">
                <properties>
                  <property name="retryIteration" value="0" />
                  <property name="repeatIteration" value="0" />
                </properties>
              </test-case>
              <test-case id="1032" name="LeavingTheFieldIsBlocked" fullname="NHN.TraceStrike.Tests.TrailFieldModelTests.LeavingTheFieldIsBlocked" methodname="LeavingTheFieldIsBlocked" classname="NHN.TraceStrike.Tests.TrailFieldModelTests" runstate="Runnable" seed="72945607" result="Passed" start-time="2026-09-02 11:06:48Z" end-time="2026-09-02 11:06:48Z" duration="0.000390" asserts="0">
                <properties>
                  <property name="retryIteration" value="0" />
                  <property name="repeatIteration" value="0" />
                </properties>
              </test-case>
              <test-case id="1061" name="MobileViewportAlwaysFillsTheWholeScreen" fullname="NHN.TraceStrike.Tests.TrailFieldModelTests.MobileViewportAlwaysFillsTheWholeScreen" methodname="MobileViewportAlwaysFillsTheWholeScreen" classname="NHN.TraceStrike.Tests.TrailFieldModelTests" runstate="Runnable" seed="1700141862" result="Passed" start-time="2026-09-02 11:06:48Z" end-time="2026-09-02 11:06:48Z" duration="0.000367" asserts="0">
                <properties>
                  <property name="retryIteration" value="0" />
                  <property name="repeatIteration" value="0" />
                </properties>
              </test-case>
              <test-case id="1042" name="MultiLaserMarksEveryRequestedLine" fullname="NHN.TraceStrike.Tests.TrailFieldModelTests.MultiLaserMarksEveryRequestedLine" methodname="MultiLaserMarksEveryRequestedLine" classname="NHN.TraceStrike.Tests.TrailFieldModelTests" runstate="Runnable" seed="863980565" result="Passed" start-time="2026-09-02 11:06:48Z" end-time="2026-09-02 11:06:48Z" duration="0.000632" asserts="0">
                <properties>
                  <property name="retryIteration" value="0" />
                  <property name="repeatIteration" value="0" />
                </properties>
              </test-case>
              <test-case id="1034" name="NewAttackPointsDoNotTeleportPlayer" fullname="NHN.TraceStrike.Tests.TrailFieldModelTests.NewAttackPointsDoNotTeleportPlayer" methodname="NewAttackPointsDoNotTeleportPlayer" classname="NHN.TraceStrike.Tests.TrailFieldModelTests" runstate="Runnable" seed="155319751" result="Passed" start-time="2026-09-02 11:06:48Z" end-time="2026-09-02 11:06:48Z" duration="0.000780" asserts="0">
                <properties>
                  <property name="retryIteration" value="0" />
                  <property name="repeatIteration" value="0" />
                </properties>
              </test-case>
              <test-case id="1041" name="PatternIntervalAcceleratesWithFightProgress" fullname="NHN.TraceStrike.Tests.TrailFieldModelTests.PatternIntervalAcceleratesWithFightProgress" methodname="PatternIntervalAcceleratesWithFightProgress" classname="NHN.TraceStrike.Tests.TrailFieldModelTests" runstate="Runnable" seed="693646994" result="Passed" start-time="2026-09-02 11:06:48Z" end-time="2026-09-02 11:06:48Z" duration="0.005678" asserts="0">
                <properties>
                  <property name="retryIteration" value="0" />
                  <property name="repeatIteration" value="0" />
                </properties>
              </test-case>
              <test-case id="1055" name="PhaseTwoGridPatternsCoverAlternatingRowsAndColumnsSeparately" fullname="NHN.TraceStrike.Tests.TrailFieldModelTests.PhaseTwoGridPatternsCoverAlternatingRowsAndColumnsSeparately" methodname="PhaseTwoGridPatternsCoverAlternatingRowsAndColumnsSeparately" classname="NHN.TraceStrike.Tests.TrailFieldModelTests" runstate="Runnable" seed="1238683926" result="Passed" start-time="2026-09-02 11:06:48Z" end-time="2026-09-02 11:06:48Z" duration="0.004883" asserts="0">
                <properties>
                  <property name="retryIteration" value="0" />
                  <property name="repeatIteration" value="0" />
                </properties>
              </test-case>
              <test-case id="1053" name="RandomCrystalLayoutAvoidsExcludedAndUsesUniqueCells" fullname="NHN.TraceStrike.Tests.TrailFieldModelTests.RandomCrystalLayoutAvoidsExcludedAndUsesUniqueCells" methodname="RandomCrystalLayoutAvoidsExcludedAndUsesUniqueCells" classname="NHN.TraceStrike.Tests.TrailFieldModelTests" runstate="Runnable" seed="629949089" result="Passed" start-time="2026-09-02 11:06:48Z" end-time="2026-09-02 11:06:48Z" duration="0.002773" asserts="0">
                <properties>
                  <property name="retryIteration" value="0" />
                  <property name="repeatIteration" value="0" />
                </properties>
              </test-case>
              <test-case id="1033" name="RevisitingTrailResetsAndRequiresStart" fullname="NHN.TraceStrike.Tests.TrailFieldModelTests.RevisitingTrailResetsAndRequiresStart" methodname="RevisitingTrailResetsAndRequiresStart" classname="NHN.TraceStrike.Tests.TrailFieldModelTests" runstate="Runnable" seed="2097592290" result="Passed" start-time="2026-09-02 11:06:48Z" end-time="2026-09-02 11:06:48Z" duration="0.001254" asserts="0">
                <properties>
                  <property name="retryIteration" value="0" />
                  <property name="repeatIteration" value="0" />
                </properties>
              </test-case>
              <test-case id="1035" name="ShapeChangeCanPreservePlayerCell" fullname="NHN.TraceStrike.Tests.TrailFieldModelTests.ShapeChangeCanPreservePlayerCell" methodname="ShapeChangeCanPreservePlayerCell" classname="NHN.TraceStrike.Tests.TrailFieldModelTests" runstate="Runnable" seed="207895260" result="Passed" start-time="2026-09-02 11:06:48Z" end-time="2026-09-02 11:06:48Z" duration="0.001184" asserts="0">
                <properties>
                  <property name="retryIteration" value="0" />
                  <property name="repeatIteration" value="0" />
                </properties>
              </test-case>
              <test-case id="1050" name="SpecialDamageModifiersApplyFlatBonusBeforeMultiplier" fullname="NHN.TraceStrike.Tests.TrailFieldModelTests.SpecialDamageModifiersApplyFlatBonusBeforeMultiplier" methodname="SpecialDamageModifiersApplyFlatBonusBeforeMultiplier" classname="NHN.TraceStrike.Tests.TrailFieldModelTests" runstate="Runnable" seed="123067822" result="Passed" start-time="2026-09-02 11:06:48Z" end-time="2026-09-02 11:06:48Z" duration="0.000510" asserts="0">
                <properties>
                  <property name="retryIteration" value="0" />
                  <property name="repeatIteration" value="0" />
                </properties>
              </test-case>
              <test-case id="1049" name="SpecialTileGenerationIsDeterministic" fullname="NHN.TraceStrike.Tests.TrailFieldModelTests.SpecialTileGenerationIsDeterministic" methodname="SpecialTileGenerationIsDeterministic" classname="NHN.TraceStrike.Tests.TrailFieldModelTests" runstate="Runnable" seed="495463808" result="Passed" start-time="2026-09-02 11:06:48Z" end-time="2026-09-02 11:06:48Z" duration="0.006192" asserts="0">
                <properties>
                  <property name="retryIteration" value="0" />
                  <property name="repeatIteration" value="0" />
                </properties>
              </test-case>
              <test-case id="1048" name="SpecialTilesContainEveryEffectAndAvoidReservedCells" fullname="NHN.TraceStrike.Tests.TrailFieldModelTests.SpecialTilesContainEveryEffectAndAvoidReservedCells" methodname="SpecialTilesContainEveryEffectAndAvoidReservedCells" classname="NHN.TraceStrike.Tests.TrailFieldModelTests" runstate="Runnable" seed="690723361" result="Passed" start-time="2026-09-02 11:06:48Z" end-time="2026-09-02 11:06:48Z" duration="0.004085" asserts="0">
                <properties>
                  <property name="retryIteration" value="0" />
                  <property name="repeatIteration" value="0" />
                </properties>
              </test-case>
              <test-case id="1060" name="TelegraphProgressReachesBorderExactlyAtAttackTime" fullname="NHN.TraceStrike.Tests.TrailFieldModelTests.TelegraphProgressReachesBorderExactlyAtAttackTime" methodname="TelegraphProgressReachesBorderExactlyAtAttackTime" classname="NHN.TraceStrike.Tests.TrailFieldModelTests" runstate="Runnable" seed="1694780565" result="Passed" start-time="2026-09-02 11:06:48Z" end-time="2026-09-02 11:06:48Z" duration="0.000456" asserts="0">
                <properties>
                  <property name="retryIteration" value="0" />
                  <property name="repeatIteration" value="0" />
                </properties>
              </test-case>
              <test-case id="1037" name="TitleRevealRadiusCoversEverySixteenByNineCorner" fullname="NHN.TraceStrike.Tests.TrailFieldModelTests.TitleRevealRadiusCoversEverySixteenByNineCorner" methodname="TitleRevealRadiusCoversEverySixteenByNineCorner" classname="NHN.TraceStrike.Tests.TrailFieldModelTests" runstate="Runnable" seed="830137661" result="Passed" start-time="2026-09-02 11:06:48Z" end-time="2026-09-02 11:06:48Z" duration="0.000689" asserts="0">
                <properties>
                  <property name="retryIteration" value="0" />
                  <property name="repeatIteration" value="0" />
                </properties>
              </test-case>
              <test-case id="1058" name="TutorialIntroducesSpecialTilesInRequiredOrder" fullname="NHN.TraceStrike.Tests.TrailFieldModelTests.TutorialIntroducesSpecialTilesInRequiredOrder" methodname="TutorialIntroducesSpecialTilesInRequiredOrder" classname="NHN.TraceStrike.Tests.TrailFieldModelTests" runstate="Runnable" seed="1468280563" result="Passed" start-time="2026-09-02 11:06:48Z" end-time="2026-09-02 11:06:48Z" duration="0.000817" asserts="0">
                <properties>
                  <property name="retryIteration" value="0" />
                  <property name="repeatIteration" value="0" />
                </properties>
              </test-case>
              <test-case id="1059" name="TutorialSpecialTargetsAreUniqueAndConnected" fullname="NHN.TraceStrike.Tests.TrailFieldModelTests.TutorialSpecialTargetsAreUniqueAndConnected" methodname="TutorialSpecialTargetsAreUniqueAndConnected" classname="NHN.TraceStrike.Tests.TrailFieldModelTests" runstate="Runnable" seed="1922120880" result="Passed" start-time="2026-09-02 11:06:48Z" end-time="2026-09-02 11:06:48Z" duration="0.000691" asserts="0">
                <properties>
                  <property name="retryIteration" value="0" />
                  <property name="repeatIteration" value="0" />
                </properties>
              </test-case>
              <test-case id="1057" name="TutorialUsesFourByFourBounds" fullname="NHN.TraceStrike.Tests.TrailFieldModelTests.TutorialUsesFourByFourBounds" methodname="TutorialUsesFourByFourBounds" classname="NHN.TraceStrike.Tests.TrailFieldModelTests" runstate="Runnable" seed="1299463814" result="Passed" start-time="2026-09-02 11:06:48Z" end-time="2026-09-02 11:06:48Z" duration="0.000406" asserts="0">
                <properties>
                  <property name="retryIteration" value="0" />
                  <property name="repeatIteration" value="0" />
                </properties>
                <output><![CDATA[Saving results to: C:/Users/owner/AppData/LocalLow/NHN Challenge Team/Trace Strike\TestResults.xml
]]></output>
              </test-case>
            </test-suite>
          </test-suite>
        </test-suite>
      </test-suite>
    </test-suite>
  </test-suite>
</test-run>