<?xml version="1.0" encoding="utf-8"?>
<test-run id="2" testcasecount="56" result="Passed" total="56" passed="56" failed="0" inconclusive="0" skipped="0" asserts="0" engine-version="3.5.0.0" clr-version="4.0.30319.42000" start-time="2026-09-02 07:57:05Z" end-time="2026-09-02 07:57:05Z" duration="0.1071739">
  <test-suite type="TestSuite" id="1000" name="Trace Strike" fullname="Trace Strike" runstate="Runnable" testcasecount="56" result="Passed" start-time="2026-09-02 07:57:05Z" end-time="2026-09-02 07:57:05Z" duration="0.107174" total="56" passed="56" failed="0" inconclusive="0" skipped="0" asserts="0">
    <properties>
      <property name="platform" value="EditMode" />
    </properties>
    <test-suite type="Assembly" id="1063" name="Assembly-CSharp-Editor.dll" fullname="D:/codex/NHN/NHN_New/Library/ScriptAssemblies/Assembly-CSharp-Editor.dll" runstate="Runnable" testcasecount="56" result="Passed" start-time="2026-09-02 07:57:05Z" end-time="2026-09-02 07:57:05Z" duration="0.099626" total="56" passed="56" failed="0" inconclusive="0" skipped="0" asserts="0">
      <properties>
        <property name="_PID" value="13588" />
        <property name="_APPDOMAIN" value="Unity Child Domain" />
        <property name="platform" value="EditMode" />
        <property name="EditorOnly" value="True" />
      </properties>
      <test-suite type="TestSuite" id="1064" name="NHN" fullname="NHN" runstate="Runnable" testcasecount="56" result="Passed" start-time="2026-09-02 07:57:05Z" end-time="2026-09-02 07:57:05Z" duration="0.099246" total="56" passed="56" failed="0" inconclusive="0" skipped="0" asserts="0">
        <properties />
        <test-suite type="TestSuite" id="1065" name="TraceStrike" fullname="NHN.TraceStrike" runstate="Runnable" testcasecount="56" result="Passed" start-time="2026-09-02 07:57:05Z" end-time="2026-09-02 07:57:05Z" duration="0.099104" total="56" passed="56" failed="0" inconclusive="0" skipped="0" asserts="0">
          <properties />
          <test-suite type="TestSuite" id="1066" name="Tests" fullname="NHN.TraceStrike.Tests" runstate="Runnable" testcasecount="56" result="Passed" start-time="2026-09-02 07:57:05Z" end-time="2026-09-02 07:57:05Z" duration="0.098977" total="56" passed="56" failed="0" inconclusive="0" skipped="0" asserts="0">
            <properties />
            <test-suite type="TestFixture" id="1001" name="CombatBalanceRulesTests" fullname="NHN.TraceStrike.Tests.CombatBalanceRulesTests" classname="NHN.TraceStrike.Tests.CombatBalanceRulesTests" runstate="Runnable" testcasecount="8" result="Passed" start-time="2026-09-02 07:57:05Z" end-time="2026-09-02 07:57:05Z" duration="0.029357" total="8" passed="8" failed="0" inconclusive="0" skipped="0" asserts="0">
              <properties />
              <test-case id="1006" name="CenterThreeByThreeUsesDoubleDamage" fullname="NHN.TraceStrike.Tests.CombatBalanceRulesTests.CenterThreeByThreeUsesDoubleDamage" methodname="CenterThreeByThreeUsesDoubleDamage" classname="NHN.TraceStrike.Tests.CombatBalanceRulesTests" runstate="Runnable" seed="871315115" result="Passed" start-time="2026-09-02 07:57:05Z" end-time="2026-09-02 07:57:05Z" duration="0.014470" asserts="0">
                <properties>
                  <property name="retryIteration" value="0" />
                  <property name="repeatIteration" value="0" />
                </properties>
              </test-case>
              <test-case id="1009" name="EnteringAfterExplosionDoesNotReceiveOldDamage" fullname="NHN.TraceStrike.Tests.CombatBalanceRulesTests.EnteringAfterExplosionDoesNotReceiveOldDamage" methodname="EnteringAfterExplosionDoesNotReceiveOldDamage" classname="NHN.TraceStrike.Tests.CombatBalanceRulesTests" runstate="Runnable" seed="930688722" result="Passed" start-time="2026-09-02 07:57:05Z" end-time="2026-09-02 07:57:05Z" duration="0.000728" asserts="0">
                <properties>
                  <property name="retryIteration" value="0" />
                  <property name="repeatIteration" value="0" />
                </properties>
              </test-case>
              <test-case id="1008" name="LeavingDangerDuringCoyoteTimeSurvives" fullname="NHN.TraceStrike.Tests.CombatBalanceRulesTests.LeavingDangerDuringCoyoteTimeSurvives" methodname="LeavingDangerDuringCoyoteTimeSurvives" classname="NHN.TraceStrike.Tests.CombatBalanceRulesTests" runstate="Runnable" seed="2099943924" result="Passed" start-time="2026-09-02 07:57:05Z" end-time="2026-09-02 07:57:05Z" duration="0.000304" asserts="0">
                <properties>
                  <property name="retryIteration" value="0" />
                  <property name="repeatIteration" value="0" />
                </properties>
              </test-case>
              <test-case id="1007" name="MixedTrailDamageDependsOnTilePosition" fullname="NHN.TraceStrike.Tests.CombatBalanceRulesTests.MixedTrailDamageDependsOnTilePosition" methodname="MixedTrailDamageDependsOnTilePosition" classname="NHN.TraceStrike.Tests.CombatBalanceRulesTests" runstate="Runnable" seed="1738759770" result="Passed" start-time="2026-09-02 07:57:05Z" end-time="2026-09-02 07:57:05Z" duration="0.000265" asserts="0">
                <properties>
                  <property name="retryIteration" value="0" />
                  <property name="repeatIteration" value="0" />
                </properties>
              </test-case>
              <test-case id="1010" name="RemainingInsideDangerAfterCoyoteTimeIsHit" fullname="NHN.TraceStrike.Tests.CombatBalanceRulesTests.RemainingInsideDangerAfterCoyoteTimeIsHit" methodname="RemainingInsideDangerAfterCoyoteTimeIsHit" classname="NHN.TraceStrike.Tests.CombatBalanceRulesTests" runstate="Runnable" seed="560484390" result="Passed" start-time="2026-09-02 07:57:05Z" end-time="2026-09-02 07:57:05Z" duration="0.000309" asserts="0">
                <properties>
                  <property name="retryIteration" value="0" />
                  <property name="repeatIteration" value="0" />
                </properties>
              </test-case>
              <test-suite type="ParameterizedMethod" id="1005" name="TrailDamageIsExactlyOnePerPaintedCell" fullname="NHN.TraceStrike.Tests.CombatBalanceRulesTests.TrailDamageIsExactlyOnePerPaintedCell" classname="NHN.TraceStrike.Tests.CombatBalanceRulesTests" runstate="Runnable" testcasecount="3" result="Passed" start-time="2026-09-02 07:57:05Z" end-time="2026-09-02 07:57:05Z" duration="0.002221" total="3" passed="3" failed="0" inconclusive="0" skipped="0" asserts="0">
                <properties />
                <test-case id="1002" name="TrailDamageIsExactlyOnePerPaintedCell(1,1)" fullname="NHN.TraceStrike.Tests.CombatBalanceRulesTests.TrailDamageIsExactlyOnePerPaintedCell(1,1)" methodname="TrailDamageIsExactlyOnePerPaintedCell" classname="NHN.TraceStrike.Tests.CombatBalanceRulesTests" runstate="Runnable" seed="2042461012" result="Passed" start-time="2026-09-02 07:57:05Z" end-time="2026-09-02 07:57:05Z" duration="0.000235" asserts="0">
                  <properties>
                    <property name="retryIteration" value="0" />
                    <property name="repeatIteration" value="0" />
                  </properties>
                </test-case>
                <test-case id="1003" name="TrailDamageIsExactlyOnePerPaintedCell(7,7)" fullname="NHN.TraceStrike.Tests.CombatBalanceRulesTests.TrailDamageIsExactlyOnePerPaintedCell(7,7)" methodname="TrailDamageIsExactlyOnePerPaintedCell" classname="NHN.TraceStrike.Tests.CombatBalanceRulesTests" runstate="Runnable" seed="916661370" result="Passed" start-time="2026-09-02 07:57:05Z" end-time="2026-09-02 07:57:05Z" duration="0.000053" asserts="0">
                  <properties>
                    <property name="retryIteration" value="0" />
                    <property name="repeatIteration" value="0" />
                  </properties>
                </test-case>
                <test-case id="1004" name="TrailDamageIsExactlyOnePerPaintedCell(24,24)" fullname="NHN.TraceStrike.Tests.CombatBalanceRulesTests.TrailDamageIsExactlyOnePerPaintedCell(24,24)" methodname="TrailDamageIsExactlyOnePerPaintedCell" classname="NHN.TraceStrike.Tests.CombatBalanceRulesTests" runstate="Runnable" seed="282503293" result="Passed" start-time="2026-09-02 07:57:05Z" end-time="2026-09-02 07:57:05Z" duration="0.000034" asserts="0">
                  <properties>
                    <property name="retryIteration" value="0" />
                    <property name="repeatIteration" value="0" />
                  </properties>
                </test-case>
              </test-suite>
            </test-suite>
            <test-suite type="TestFixture" id="1011" name="HubWorldModelTests" fullname="NHN.TraceStrike.Tests.HubWorldModelTests" classname="NHN.TraceStrike.Tests.HubWorldModelTests" runstate="Runnable" testcasecount="5" result="Passed" start-time="2026-09-02 07:57:05Z" end-time="2026-09-02 07:57:05Z" duration="0.006113" total="5" passed="5" failed="0" inconclusive="0" skipped="0" asserts="0">
              <properties />
              <test-case id="1014" name="AvailableStageRequiresTwoCollisions" fullname="NHN.TraceStrike.Tests.HubWorldModelTests.AvailableStageRequiresTwoCollisions" methodname="AvailableStageRequiresTwoCollisions" classname="NHN.TraceStrike.Tests.HubWorldModelTests" runstate="Runnable" seed="1764041413" result="Passed" start-time="2026-09-02 07:57:05Z" end-time="2026-09-02 07:57:05Z" duration="0.003553" asserts="0">
                <properties>
                  <property name="retryIteration" value="0" />
                  <property name="repeatIteration" value="0" />
                </properties>
              </test-case>
              <test-case id="1012" name="CharacterCollisionPreviewsThenSwapsAndMovesThrough" fullname="NHN.TraceStrike.Tests.HubWorldModelTests.CharacterCollisionPreviewsThenSwapsAndMovesThrough" methodname="CharacterCollisionPreviewsThenSwapsAndMovesThrough" classname="NHN.TraceStrike.Tests.HubWorldModelTests" runstate="Runnable" seed="258737535" result="Passed" start-time="2026-09-02 07:57:05Z" end-time="2026-09-02 07:57:05Z" duration="0.001038" asserts="0">
                <properties>
                  <property name="retryIteration" value="0" />
                  <property name="repeatIteration" value="0" />
                </properties>
              </test-case>
              <test-case id="1015" name="FutureStageStaysLockedOnSecondCollision" fullname="NHN.TraceStrike.Tests.HubWorldModelTests.FutureStageStaysLockedOnSecondCollision" methodname="FutureStageStaysLockedOnSecondCollision" classname="NHN.TraceStrike.Tests.HubWorldModelTests" runstate="Runnable" seed="370106747" result="Passed" start-time="2026-09-02 07:57:05Z" end-time="2026-09-02 07:57:05Z" duration="0.000211" asserts="0">
                <properties>
                  <property name="retryIteration" value="0" />
                  <property name="repeatIteration" value="0" />
                </properties>
              </test-case>
              <test-case id="1016" name="MapBoundaryBlocksMovement" fullname="NHN.TraceStrike.Tests.HubWorldModelTests.MapBoundaryBlocksMovement" methodname="MapBoundaryBlocksMovement" classname="NHN.TraceStrike.Tests.HubWorldModelTests" runstate="Runnable" seed="1568949326" result="Passed" start-time="2026-09-02 07:57:05Z" end-time="2026-09-02 07:57:05Z" duration="0.000161" asserts="0">
                <properties>
                  <property name="retryIteration" value="0" />
                  <property name="repeatIteration" value="0" />
                </properties>
              </test-case>
              <test-case id="1013" name="MovingTwoCellsFromFocusedObjectClearsPreview" fullname="NHN.TraceStrike.Tests.HubWorldModelTests.MovingTwoCellsFromFocusedObjectClearsPreview" methodname="MovingTwoCellsFromFocusedObjectClearsPreview" classname="NHN.TraceStrike.Tests.HubWorldModelTests" runstate="Runnable" seed="33694110" result="Passed" start-time="2026-09-02 07:57:05Z" end-time="2026-09-02 07:57:05Z" duration="0.000183" asserts="0">
                <properties>
                  <property name="retryIteration" value="0" />
                  <property name="repeatIteration" value="0" />
                </properties>
              </test-case>
            </test-suite>
            <test-suite type="TestFixture" id="1017" name="ObjectiveArrowTests" fullname="NHN.TraceStrike.Tests.ObjectiveArrowTests" classname="NHN.TraceStrike.Tests.ObjectiveArrowTests" runstate="Runnable" testcasecount="5" result="Passed" start-time="2026-09-02 07:57:05Z" end-time="2026-09-02 07:57:05Z" duration="0.012126" total="5" passed="5" failed="0" inconclusive="0" skipped="0" asserts="0">
              <properties />
              <test-case id="1018" name="BeforeTracingArrowTargetsStart" fullname="NHN.TraceStrike.Tests.ObjectiveArrowTests.BeforeTracingArrowTargetsStart" methodname="BeforeTracingArrowTargetsStart" classname="NHN.TraceStrike.Tests.ObjectiveArrowTests" runstate="Runnable" seed="1782238084" result="Passed" start-time="2026-09-02 07:57:05Z" end-time="2026-09-02 07:57:05Z" duration="0.005631" asserts="0">
                <properties>
                  <property name="retryIteration" value="0" />
                  <property name="repeatIteration" value="0" />
                </properties>
              </test-case>
              <test-case id="1021" name="NewRoundTargetsNewStartWithoutTeleporting" fullname="NHN.TraceStrike.Tests.ObjectiveArrowTests.NewRoundTargetsNewStartWithoutTeleporting" methodname="NewRoundTargetsNewStartWithoutTeleporting" classname="NHN.TraceStrike.Tests.ObjectiveArrowTests" runstate="Runnable" seed="760678132" result="Passed" start-time="2026-09-02 07:57:05Z" end-time="2026-09-02 07:57:05Z" duration="0.002594" asserts="0">
                <properties>
                  <property name="retryIteration" value="0" />
                  <property name="repeatIteration" value="0" />
                </properties>
              </test-case>
              <test-case id="1022" name="RespawnOnStartTargetsEndAndBlockedMovesDoNotChangeIt" fullname="NHN.TraceStrike.Tests.ObjectiveArrowTests.RespawnOnStartTargetsEndAndBlockedMovesDoNotChangeIt" methodname="RespawnOnStartTargetsEndAndBlockedMovesDoNotChangeIt" classname="NHN.TraceStrike.Tests.ObjectiveArrowTests" runstate="Runnable" seed="971842636" result="Passed" start-time="2026-09-02 07:57:05Z" end-time="2026-09-02 07:57:05Z" duration="0.001237" asserts="0">
                <properties>
                  <property name="retryIteration" value="0" />
                  <property name="repeatIteration" value="0" />
                </properties>
              </test-case>
              <test-case id="1020" name="RevisitedTrailSwitchesArrowBackToStart" fullname="NHN.TraceStrike.Tests.ObjectiveArrowTests.RevisitedTrailSwitchesArrowBackToStart" methodname="RevisitedTrailSwitchesArrowBackToStart" classname="NHN.TraceStrike.Tests.ObjectiveArrowTests" runstate="Runnable" seed="931371850" result="Passed" start-time="2026-09-02 07:57:05Z" end-time="2026-09-02 07:57:05Z" duration="0.000900" asserts="0">
                <properties>
                  <property name="retryIteration" value="0" />
                  <property name="repeatIteration" value="0" />
                </properties>
              </test-case>
              <test-case id="1019" name="SteppingOnStartSwitchesArrowToEndImmediately" fullname="NHN.TraceStrike.Tests.ObjectiveArrowTests.SteppingOnStartSwitchesArrowToEndImmediately" methodname="SteppingOnStartSwitchesArrowToEndImmediately" classname="NHN.TraceStrike.Tests.ObjectiveArrowTests" runstate="Runnable" seed="1031799736" result="Passed" start-time="2026-09-02 07:57:05Z" end-time="2026-09-02 07:57:05Z" duration="0.000497" asserts="0">
                <properties>
                  <property name="retryIteration" value="0" />
                  <property name="repeatIteration" value="0" />
                </properties>
              </test-case>
            </test-suite>
            <test-suite type="TestFixture" id="1023" name="TrailFieldModelTests" fullname="NHN.TraceStrike.Tests.TrailFieldModelTests" classname="NHN.TraceStrike.Tests.TrailFieldModelTests" runstate="Runnable" testcasecount="38" result="Passed" start-time="2026-09-02 07:57:05Z" end-time="2026-09-02 07:57:05Z" duration="0.050246" total="38" passed="38" failed="0" inconclusive="0" skipped="0" asserts="0">
              <properties />
              <test-case id="1051" name="BlockedCrystalCellRejectsMovementAndRoundEndpoints" fullname="NHN.TraceStrike.Tests.TrailFieldModelTests.BlockedCrystalCellRejectsMovementAndRoundEndpoints" methodname="BlockedCrystalCellRejectsMovementAndRoundEndpoints" classname="NHN.TraceStrike.Tests.TrailFieldModelTests" runstate="Runnable" seed="1072488389" result="Passed" start-time="2026-09-02 07:57:05Z" end-time="2026-09-02 07:57:05Z" duration="0.002376" asserts="0">
                <properties>
                  <property name="retryIteration" value="0" />
                  <property name="repeatIteration" value="0" />
                </properties>
              </test-case>
              <test-case id="1038" name="BossTelegraphAcceleratesInPhaseTwo" fullname="NHN.TraceStrike.Tests.TrailFieldModelTests.BossTelegraphAcceleratesInPhaseTwo" methodname="BossTelegraphAcceleratesInPhaseTwo" classname="NHN.TraceStrike.Tests.TrailFieldModelTests" runstate="Runnable" seed="469849161" result="Passed" start-time="2026-09-02 07:57:05Z" end-time="2026-09-02 07:57:05Z" duration="0.001435" asserts="0">
                <properties>
                  <property name="retryIteration" value="0" />
                  <property name="repeatIteration" value="0" />
                </properties>
              </test-case>
              <test-case id="1044" name="BossUsesSeparateHealthPoolForEachPhase" fullname="NHN.TraceStrike.Tests.TrailFieldModelTests.BossUsesSeparateHealthPoolForEachPhase" methodname="BossUsesSeparateHealthPoolForEachPhase" classname="NHN.TraceStrike.Tests.TrailFieldModelTests" runstate="Runnable" seed="1168743763" result="Passed" start-time="2026-09-02 07:57:05Z" end-time="2026-09-02 07:57:05Z" duration="0.000316" asserts="0">
                <properties>
                  <property name="retryIteration" value="0" />
                  <property name="repeatIteration" value="0" />
                </properties>
              </test-case>
              <test-case id="1052" name="CardinalCrystalLayoutPlacesFourCellsOneStepInsideEdges" fullname="NHN.TraceStrike.Tests.TrailFieldModelTests.CardinalCrystalLayoutPlacesFourCellsOneStepInsideEdges" methodname="CardinalCrystalLayoutPlacesFourCellsOneStepInsideEdges" classname="NHN.TraceStrike.Tests.TrailFieldModelTests" runstate="Runnable" seed="1824730960" result="Passed" start-time="2026-09-02 07:57:05Z" end-time="2026-09-02 07:57:05Z" duration="0.001033" asserts="0">
                <properties>
                  <property name="retryIteration" value="0" />
                  <property name="repeatIteration" value="0" />
                </properties>
              </test-case>
              <test-case id="1030" name="CloseCameraClampsAtArenaEdges" fullname="NHN.TraceStrike.Tests.TrailFieldModelTests.CloseCameraClampsAtArenaEdges" methodname="CloseCameraClampsAtArenaEdges" classname="NHN.TraceStrike.Tests.TrailFieldModelTests" runstate="Runnable" seed="1311205139" result="Passed" start-time="2026-09-02 07:57:05Z" end-time="2026-09-02 07:57:05Z" duration="0.001243" asserts="0">
                <properties>
                  <property name="retryIteration" value="0" />
                  <property name="repeatIteration" value="0" />
                </properties>
              </test-case>
              <test-case id="1031" name="CloseCameraKeepsInteriorTargetAndCentersSmallArenas" fullname="NHN.TraceStrike.Tests.TrailFieldModelTests.CloseCameraKeepsInteriorTargetAndCentersSmallArenas" methodname="CloseCameraKeepsInteriorTargetAndCentersSmallArenas" classname="NHN.TraceStrike.Tests.TrailFieldModelTests" runstate="Runnable" seed="672302889" result="Passed" start-time="2026-09-02 07:57:05Z" end-time="2026-09-02 07:57:05Z" duration="0.000265" asserts="0">
                <properties>
                  <property name="retryIteration" value="0" />
                  <property name="repeatIteration" value="0" />
                </properties>
              </test-case>
              <test-case id="1046" name="CombinedGlyphContainsCrossAndDiamond" fullname="NHN.TraceStrike.Tests.TrailFieldModelTests.CombinedGlyphContainsCrossAndDiamond" methodname="CombinedGlyphContainsCrossAndDiamond" classname="NHN.TraceStrike.Tests.TrailFieldModelTests" runstate="Runnable" seed="1815124455" result="Passed" start-time="2026-09-02 07:57:05Z" end-time="2026-09-02 07:57:05Z" duration="0.001004" asserts="0">
                <properties>
                  <property name="retryIteration" value="0" />
                  <property name="repeatIteration" value="0" />
                </properties>
              </test-case>
              <test-case id="1043" name="CombinedLaserContainsHorizontalAndVerticalPairs" fullname="NHN.TraceStrike.Tests.TrailFieldModelTests.CombinedLaserContainsHorizontalAndVerticalPairs" methodname="CombinedLaserContainsHorizontalAndVerticalPairs" classname="NHN.TraceStrike.Tests.TrailFieldModelTests" runstate="Runnable" seed="1173438272" result="Passed" start-time="2026-09-02 07:57:05Z" end-time="2026-09-02 07:57:05Z" duration="0.004614" asserts="0">
                <properties>
                  <property name="retryIteration" value="0" />
                  <property name="repeatIteration" value="0" />
                </properties>
              </test-case>
              <test-case id="1056" name="CrystalAttackIntervalsMatchBothGimmickStages" fullname="NHN.TraceStrike.Tests.TrailFieldModelTests.CrystalAttackIntervalsMatchBothGimmickStages" methodname="CrystalAttackIntervalsMatchBothGimmickStages" classname="NHN.TraceStrike.Tests.TrailFieldModelTests" runstate="Runnable" seed="521859324" result="Passed" start-time="2026-09-02 07:57:05Z" end-time="2026-09-02 07:57:05Z" duration="0.000463" asserts="0">
                <properties>
                  <property name="retryIteration" value="0" />
                  <property name="repeatIteration" value="0" />
                </properties>
              </test-case>
              <test-case id="1054" name="CrystalBlastUsesTwoCellCheckerPattern" fullname="NHN.TraceStrike.Tests.TrailFieldModelTests.CrystalBlastUsesTwoCellCheckerPattern" methodname="CrystalBlastUsesTwoCellCheckerPattern" classname="NHN.TraceStrike.Tests.TrailFieldModelTests" runstate="Runnable" seed="1986219898" result="Passed" start-time="2026-09-02 07:57:05Z" end-time="2026-09-02 07:57:05Z" duration="0.001396" asserts="0">
                <properties>
                  <property name="retryIteration" value="0" />
                  <property name="repeatIteration" value="0" />
                </properties>
              </test-case>
              <test-case id="1062" name="DesktopViewportUsesSixteenByNinePresentation" fullname="NHN.TraceStrike.Tests.TrailFieldModelTests.DesktopViewportUsesSixteenByNinePresentation" methodname="DesktopViewportUsesSixteenByNinePresentation" classname="NHN.TraceStrike.Tests.TrailFieldModelTests" runstate="Runnable" seed="426733420" result="Passed" start-time="2026-09-02 07:57:05Z" end-time="2026-09-02 07:57:05Z" duration="0.001841" asserts="0">
                <properties>
                  <property name="retryIteration" value="0" />
                  <property name="repeatIteration" value="0" />
                </properties>
              </test-case>
              <test-case id="1047" name="EscapeRouteAlwaysLeavesAnAdjacentSafeTile" fullname="NHN.TraceStrike.Tests.TrailFieldModelTests.EscapeRouteAlwaysLeavesAnAdjacentSafeTile" methodname="EscapeRouteAlwaysLeavesAnAdjacentSafeTile" classname="NHN.TraceStrike.Tests.TrailFieldModelTests" runstate="Runnable" seed="14873701" result="Passed" start-time="2026-09-02 07:57:05Z" end-time="2026-09-02 07:57:05Z" duration="0.002113" asserts="0">
                <properties>
                  <property name="retryIteration" value="0" />
                  <property name="repeatIteration" value="0" />
                </properties>
              </test-case>
              <test-suite type="ParameterizedMethod" id="1027" name="EveryFieldHasReachableStartAndEnd" fullname="NHN.TraceStrike.Tests.TrailFieldModelTests.EveryFieldHasReachableStartAndEnd" classname="NHN.TraceStrike.Tests.TrailFieldModelTests" runstate="Runnable" testcasecount="3" result="Passed" start-time="2026-09-02 07:57:05Z" end-time="2026-09-02 07:57:05Z" duration="0.002294" total="3" passed="3" failed="0" inconclusive="0" skipped="0" asserts="0">
                <properties />
                <test-case id="1024" name="EveryFieldHasReachableStartAndEnd(0)" fullname="NHN.TraceStrike.Tests.TrailFieldModelTests.EveryFieldHasReachableStartAndEnd(0)" methodname="EveryFieldHasReachableStartAndEnd" classname="NHN.TraceStrike.Tests.TrailFieldModelTests" runstate="Runnable" seed="236292233" result="Passed" start-time="2026-09-02 07:57:05Z" end-time="2026-09-02 07:57:05Z" duration="0.000822" asserts="0">
                  <properties>
                    <property name="retryIteration" value="0" />
                    <property name="repeatIteration" value="0" />
                  </properties>
                </test-case>
                <test-case id="1025" name="EveryFieldHasReachableStartAndEnd(1)" fullname="NHN.TraceStrike.Tests.TrailFieldModelTests.EveryFieldHasReachableStartAndEnd(1)" methodname="EveryFieldHasReachableStartAndEnd" classname="NHN.TraceStrike.Tests.TrailFieldModelTests" runstate="Runnable" seed="432060095" result="Passed" start-time="2026-09-02 07:57:05Z" end-time="2026-09-02 07:57:05Z" duration="0.000276" asserts="0">
                  <properties>
                    <property name="retryIteration" value="0" />
                    <property name="repeatIteration" value="0" />
                  </properties>
                </test-case>
                <test-case id="1026" name="EveryFieldHasReachableStartAndEnd(2)" fullname="NHN.TraceStrike.Tests.TrailFieldModelTests.EveryFieldHasReachableStartAndEnd(2)" methodname="EveryFieldHasReachableStartAndEnd" classname="NHN.TraceStrike.Tests.TrailFieldModelTests" runstate="Runnable" seed="2016919380" result="Passed" start-time="2026-09-02 07:57:05Z" end-time="2026-09-02 07:57:05Z" duration="0.000244" asserts="0">
                  <properties>
                    <property name="retryIteration" value="0" />
                    <property name="repeatIteration" value="0" />
                  </properties>
                </test-case>
              </test-suite>
              <test-case id="1029" name="ExpandedArenaIsConnectedAndSymmetric" fullname="NHN.TraceStrike.Tests.TrailFieldModelTests.ExpandedArenaIsConnectedAndSymmetric" methodname="ExpandedArenaIsConnectedAndSymmetric" classname="NHN.TraceStrike.Tests.TrailFieldModelTests" runstate="Runnable" seed="780016278" result="Passed" start-time="2026-09-02 07:57:05Z" end-time="2026-09-02 07:57:05Z" duration="0.001859" asserts="0">
                <properties>
                  <property name="retryIteration" value="0" />
                  <property name="repeatIteration" value="0" />
                </properties>
              </test-case>
              <test-case id="1040" name="ExplosionMarksThreeByThreeAreaInsideField" fullname="NHN.TraceStrike.Tests.TrailFieldModelTests.ExplosionMarksThreeByThreeAreaInsideField" methodname="ExplosionMarksThreeByThreeAreaInsideField" classname="NHN.TraceStrike.Tests.TrailFieldModelTests" runstate="Runnable" seed="1482039225" result="Passed" start-time="2026-09-02 07:57:05Z" end-time="2026-09-02 07:57:05Z" duration="0.001497" asserts="0">
                <properties>
                  <property name="retryIteration" value="0" />
                  <property name="repeatIteration" value="0" />
                </properties>
              </test-case>
              <test-case id="1028" name="FirstStageExpandsCircularArenaProportionallyToSeventeenBySeventeen" fullname="NHN.TraceStrike.Tests.TrailFieldModelTests.FirstStageExpandsCircularArenaProportionallyToSeventeenBySeventeen" methodname="FirstStageExpandsCircularArenaProportionallyToSeventeenBySeventeen" classname="NHN.TraceStrike.Tests.TrailFieldModelTests" runstate="Runnable" seed="1790687049" result="Passed" start-time="2026-09-02 07:57:05Z" end-time="2026-09-02 07:57:05Z" duration="0.001065" asserts="0">
                <properties>
                  <property name="retryIteration" value="0" />
                  <property name="repeatIteration" value="0" />
                </properties>
              </test-case>
              <test-case id="1045" name="FixedGlyphsMatchTheirGridEquations" fullname="NHN.TraceStrike.Tests.TrailFieldModelTests.FixedGlyphsMatchTheirGridEquations" methodname="FixedGlyphsMatchTheirGridEquations" classname="NHN.TraceStrike.Tests.TrailFieldModelTests" runstate="Runnable" seed="1479078367" result="Passed" start-time="2026-09-02 07:57:05Z" end-time="2026-09-02 07:57:05Z" duration="0.001391" asserts="0">
                <properties>
                  <property name="retryIteration" value="0" />
                  <property name="repeatIteration" value="0" />
                </properties>
              </test-case>
              <test-case id="1036" name="IntroPlacementCentersPlayerAndClearsActiveTrail" fullname="NHN.TraceStrike.Tests.TrailFieldModelTests.IntroPlacementCentersPlayerAndClearsActiveTrail" methodname="IntroPlacementCentersPlayerAndClearsActiveTrail" classname="NHN.TraceStrike.Tests.TrailFieldModelTests" runstate="Runnable" seed="1098376693" result="Passed" start-time="2026-09-02 07:57:05Z" end-time="2026-09-02 07:57:05Z" duration="0.000708" asserts="0">
                <properties>
                  <property name="retryIteration" value="0" />
                  <property name="repeatIteration" value="0" />
                </properties>
              </test-case>
              <test-case id="1039" name="LaserMarksOnlyTargetedRowOrColumn" fullname="NHN.TraceStrike.Tests.TrailFieldModelTests.LaserMarksOnlyTargetedRowOrColumn" methodname="LaserMarksOnlyTargetedRowOrColumn" classname="NHN.TraceStrike.Tests.TrailFieldModelTests" runstate="Runnable" seed="628480552" result="Passed" start-time="2026-09-02 07:57:05Z" end-time="2026-09-02 07:57:05Z" duration="0.000735" asserts="0">
                <properties>
                  <property name="retryIteration" value="0" />
                  <property name="repeatIteration" value="0" />
                </properties>
              </test-case>
              <test-case id="1032" name="LeavingTheFieldIsBlocked" fullname="NHN.TraceStrike.Tests.TrailFieldModelTests.LeavingTheFieldIsBlocked" methodname="LeavingTheFieldIsBlocked" classname="NHN.TraceStrike.Tests.TrailFieldModelTests" runstate="Runnable" seed="1003243286" result="Passed" start-time="2026-09-02 07:57:05Z" end-time="2026-09-02 07:57:05Z" duration="0.000462" asserts="0">
                <properties>
                  <property name="retryIteration" value="0" />
                  <property name="repeatIteration" value="0" />
                </properties>
              </test-case>
              <test-case id="1061" name="MobileViewportAlwaysFillsTheWholeScreen" fullname="NHN.TraceStrike.Tests.TrailFieldModelTests.MobileViewportAlwaysFillsTheWholeScreen" methodname="MobileViewportAlwaysFillsTheWholeScreen" classname="NHN.TraceStrike.Tests.TrailFieldModelTests" runstate="Runnable" seed="680021248" result="Passed" start-time="2026-09-02 07:57:05Z" end-time="2026-09-02 07:57:05Z" duration="0.000297" asserts="0">
                <properties>
                  <property name="retryIteration" value="0" />
                  <property name="repeatIteration" value="0" />
                </properties>
              </test-case>
              <test-case id="1042" name="MultiLaserMarksEveryRequestedLine" fullname="NHN.TraceStrike.Tests.TrailFieldModelTests.MultiLaserMarksEveryRequestedLine" methodname="MultiLaserMarksEveryRequestedLine" classname="NHN.TraceStrike.Tests.TrailFieldModelTests" runstate="Runnable" seed="1878108805" result="Passed" start-time="2026-09-02 07:57:05Z" end-time="2026-09-02 07:57:05Z" duration="0.000504" asserts="0">
                <properties>
                  <property name="retryIteration" value="0" />
                  <property name="repeatIteration" value="0" />
                </properties>
              </test-case>
              <test-case id="1034" name="NewAttackPointsDoNotTeleportPlayer" fullname="NHN.TraceStrike.Tests.TrailFieldModelTests.NewAttackPointsDoNotTeleportPlayer" methodname="NewAttackPointsDoNotTeleportPlayer" classname="NHN.TraceStrike.Tests.TrailFieldModelTests" runstate="Runnable" seed="2111009984" result="Passed" start-time="2026-09-02 07:57:05Z" end-time="2026-09-02 07:57:05Z" duration="0.000618" asserts="0">
                <properties>
                  <property name="retryIteration" value="0" />
                  <property name="repeatIteration" value="0" />
                </properties>
              </test-case>
              <test-case id="1041" name="PatternIntervalAcceleratesWithFightProgress" fullname="NHN.TraceStrike.Tests.TrailFieldModelTests.PatternIntervalAcceleratesWithFightProgress" methodname="PatternIntervalAcceleratesWithFightProgress" classname="NHN.TraceStrike.Tests.TrailFieldModelTests" runstate="Runnable" seed="963284183" result="Passed" start-time="2026-09-02 07:57:05Z" end-time="2026-09-02 07:57:05Z" duration="0.000273" asserts="0">
                <properties>
                  <property name="retryIteration" value="0" />
                  <property name="repeatIteration" value="0" />
                </properties>
              </test-case>
              <test-case id="1055" name="PhaseTwoGridPatternsCoverAlternatingRowsAndColumnsSeparately" fullname="NHN.TraceStrike.Tests.TrailFieldModelTests.PhaseTwoGridPatternsCoverAlternatingRowsAndColumnsSeparately" methodname="PhaseTwoGridPatternsCoverAlternatingRowsAndColumnsSeparately" classname="NHN.TraceStrike.Tests.TrailFieldModelTests" runstate="Runnable" seed="1108434787" result="Passed" start-time="2026-09-02 07:57:05Z" end-time="2026-09-02 07:57:05Z" duration="0.001099" asserts="0">
                <properties>
                  <property name="retryIteration" value="0" />
                  <property name="repeatIteration" value="0" />
                </properties>
              </test-case>
              <test-case id="1053" name="RandomCrystalLayoutAvoidsExcludedAndUsesUniqueCells" fullname="NHN.TraceStrike.Tests.TrailFieldModelTests.RandomCrystalLayoutAvoidsExcludedAndUsesUniqueCells" methodname="RandomCrystalLayoutAvoidsExcludedAndUsesUniqueCells" classname="NHN.TraceStrike.Tests.TrailFieldModelTests" runstate="Runnable" seed="982960407" result="Passed" start-time="2026-09-02 07:57:05Z" end-time="2026-09-02 07:57:05Z" duration="0.001705" asserts="0">
                <properties>
                  <property name="retryIteration" value="0" />
                  <property name="repeatIteration" value="0" />
                </properties>
              </test-case>
              <test-case id="1033" name="RevisitingTrailResetsAndRequiresStart" fullname="NHN.TraceStrike.Tests.TrailFieldModelTests.RevisitingTrailResetsAndRequiresStart" methodname="RevisitingTrailResetsAndRequiresStart" classname="NHN.TraceStrike.Tests.TrailFieldModelTests" runstate="Runnable" seed="133375470" result="Passed" start-time="2026-09-02 07:57:05Z" end-time="2026-09-02 07:57:05Z" duration="0.000546" asserts="0">
                <properties>
                  <property name="retryIteration" value="0" />
                  <property name="repeatIteration" value="0" />
                </properties>
              </test-case>
              <test-case id="1035" name="ShapeChangeCanPreservePlayerCell" fullname="NHN.TraceStrike.Tests.TrailFieldModelTests.ShapeChangeCanPreservePlayerCell" methodname="ShapeChangeCanPreservePlayerCell" classname="NHN.TraceStrike.Tests.TrailFieldModelTests" runstate="Runnable" seed="252444423" result="Passed" start-time="2026-09-02 07:57:05Z" end-time="2026-09-02 07:57:05Z" duration="0.000440" asserts="0">
                <properties>
                  <property name="retryIteration" value="0" />
                  <property name="repeatIteration" value="0" />
                </properties>
              </test-case>
              <test-case id="1050" name="SpecialDamageModifiersApplyFlatBonusBeforeMultiplier" fullname="NHN.TraceStrike.Tests.TrailFieldModelTests.SpecialDamageModifiersApplyFlatBonusBeforeMultiplier" methodname="SpecialDamageModifiersApplyFlatBonusBeforeMultiplier" classname="NHN.TraceStrike.Tests.TrailFieldModelTests" runstate="Runnable" seed="1788790454" result="Passed" start-time="2026-09-02 07:57:05Z" end-time="2026-09-02 07:57:05Z" duration="0.000383" asserts="0">
                <properties>
                  <property name="retryIteration" value="0" />
                  <property name="repeatIteration" value="0" />
                </properties>
              </test-case>
              <test-case id="1049" name="SpecialTileGenerationIsDeterministic" fullname="NHN.TraceStrike.Tests.TrailFieldModelTests.SpecialTileGenerationIsDeterministic" methodname="SpecialTileGenerationIsDeterministic" classname="NHN.TraceStrike.Tests.TrailFieldModelTests" runstate="Runnable" seed="368712471" result="Passed" start-time="2026-09-02 07:57:05Z" end-time="2026-09-02 07:57:05Z" duration="0.003889" asserts="0">
                <properties>
                  <property name="retryIteration" value="0" />
                  <property name="repeatIteration" value="0" />
                </properties>
              </test-case>
              <test-case id="1048" name="SpecialTilesContainEveryEffectAndAvoidReservedCells" fullname="NHN.TraceStrike.Tests.TrailFieldModelTests.SpecialTilesContainEveryEffectAndAvoidReservedCells" methodname="SpecialTilesContainEveryEffectAndAvoidReservedCells" classname="NHN.TraceStrike.Tests.TrailFieldModelTests" runstate="Runnable" seed="747787756" result="Passed" start-time="2026-09-02 07:57:05Z" end-time="2026-09-02 07:57:05Z" duration="0.003476" asserts="0">
                <properties>
                  <property name="retryIteration" value="0" />
                  <property name="repeatIteration" value="0" />
                </properties>
              </test-case>
              <test-case id="1060" name="TelegraphProgressReachesBorderExactlyAtAttackTime" fullname="NHN.TraceStrike.Tests.TrailFieldModelTests.TelegraphProgressReachesBorderExactlyAtAttackTime" methodname="TelegraphProgressReachesBorderExactlyAtAttackTime" classname="NHN.TraceStrike.Tests.TrailFieldModelTests" runstate="Runnable" seed="1679614847" result="Passed" start-time="2026-09-02 07:57:05Z" end-time="2026-09-02 07:57:05Z" duration="0.000483" asserts="0">
                <properties>
                  <property name="retryIteration" value="0" />
                  <property name="repeatIteration" value="0" />
                </properties>
              </test-case>
              <test-case id="1037" name="TitleRevealRadiusCoversEverySixteenByNineCorner" fullname="NHN.TraceStrike.Tests.TrailFieldModelTests.TitleRevealRadiusCoversEverySixteenByNineCorner" methodname="TitleRevealRadiusCoversEverySixteenByNineCorner" classname="NHN.TraceStrike.Tests.TrailFieldModelTests" runstate="Runnable" seed="179338224" result="Passed" start-time="2026-09-02 07:57:05Z" end-time="2026-09-02 07:57:05Z" duration="0.000763" asserts="0">
                <properties>
                  <property name="retryIteration" value="0" />
                  <property name="repeatIteration" value="0" />
                </properties>
              </test-case>
              <test-case id="1058" name="TutorialIntroducesSpecialTilesInRequiredOrder" fullname="NHN.TraceStrike.Tests.TrailFieldModelTests.TutorialIntroducesSpecialTilesInRequiredOrder" methodname="TutorialIntroducesSpecialTilesInRequiredOrder" classname="NHN.TraceStrike.Tests.TrailFieldModelTests" runstate="Runnable" seed="1199843777" result="Passed" start-time="2026-09-02 07:57:05Z" end-time="2026-09-02 07:57:05Z" duration="0.000627" asserts="0">
                <properties>
                  <property name="retryIteration" value="0" />
                  <property name="repeatIteration" value="0" />
                </properties>
              </test-case>
              <test-case id="1059" name="TutorialSpecialTargetsAreUniqueAndConnected" fullname="NHN.TraceStrike.Tests.TrailFieldModelTests.TutorialSpecialTargetsAreUniqueAndConnected" methodname="TutorialSpecialTargetsAreUniqueAndConnected" classname="NHN.TraceStrike.Tests.TrailFieldModelTests" runstate="Runnable" seed="1614332141" result="Passed" start-time="2026-09-02 07:57:05Z" end-time="2026-09-02 07:57:05Z" duration="0.000645" asserts="0">
                <properties>
                  <property name="retryIteration" value="0" />
                  <property name="repeatIteration" value="0" />
                </properties>
              </test-case>
              <test-case id="1057" name="TutorialUsesFourByFourBounds" fullname="NHN.TraceStrike.Tests.TrailFieldModelTests.TutorialUsesFourByFourBounds" methodname="TutorialUsesFourByFourBounds" classname="NHN.TraceStrike.Tests.TrailFieldModelTests" runstate="Runnable" seed="742802776" result="Passed" start-time="2026-09-02 07:57:05Z" end-time="2026-09-02 07:57:05Z" duration="0.000232" asserts="0">
                <properties>
                  <property name="retryIteration" value="0" />
                  <property name="repeatIteration" value="0" />
                </properties>
                <output><![CDATA[Saving results to: C:/Users/owner/AppData/LocalLow/NHN Challenge Team/Trace Strike\TestResults.xml
]]></output>
              </test-case>
            </test-suite>
          </test-suite>
        </test-suite>
      </test-suite>
    </test-suite>
  </test-suite>
</test-run>