<?xml version="1.0" encoding="utf-8"?>
<test-run id="2" testcasecount="35" result="Passed" total="35" passed="35" failed="0" inconclusive="0" skipped="0" asserts="0" engine-version="3.5.0.0" clr-version="4.0.30319.42000" start-time="2026-09-02 07:00:02Z" end-time="2026-09-02 07:00:02Z" duration="0.0895083">
  <test-suite type="TestSuite" id="1000" name="Trace Strike" fullname="Trace Strike" runstate="Runnable" testcasecount="48" result="Passed" start-time="2026-09-02 07:00:02Z" end-time="2026-09-02 07:00:02Z" duration="0.089508" total="35" passed="35" failed="0" inconclusive="0" skipped="0" asserts="0">
    <properties>
      <property name="platform" value="EditMode" />
    </properties>
    <test-suite type="Assembly" id="1054" name="Assembly-CSharp-Editor.dll" fullname="D:/codex/NHN/NHN_New/Library/ScriptAssemblies/Assembly-CSharp-Editor.dll" runstate="Runnable" testcasecount="48" result="Passed" start-time="2026-09-02 07:00:02Z" end-time="2026-09-02 07:00:02Z" duration="0.081871" total="35" passed="35" failed="0" inconclusive="0" skipped="0" asserts="0">
      <properties>
        <property name="_PID" value="15596" />
        <property name="_APPDOMAIN" value="Unity Child Domain" />
        <property name="platform" value="EditMode" />
        <property name="EditorOnly" value="True" />
      </properties>
      <test-suite type="TestSuite" id="1055" name="NHN" fullname="NHN" runstate="Runnable" testcasecount="48" result="Passed" start-time="2026-09-02 07:00:02Z" end-time="2026-09-02 07:00:02Z" duration="0.081182" total="35" passed="35" failed="0" inconclusive="0" skipped="0" asserts="0">
        <properties />
        <test-suite type="TestSuite" id="1056" name="TraceStrike" fullname="NHN.TraceStrike" runstate="Runnable" testcasecount="48" result="Passed" start-time="2026-09-02 07:00:02Z" end-time="2026-09-02 07:00:02Z" duration="0.080679" total="35" passed="35" failed="0" inconclusive="0" skipped="0" asserts="0">
          <properties />
          <test-suite type="TestSuite" id="1057" name="Tests" fullname="NHN.TraceStrike.Tests" runstate="Runnable" testcasecount="48" result="Passed" start-time="2026-09-02 07:00:02Z" end-time="2026-09-02 07:00:02Z" duration="0.080341" total="35" passed="35" failed="0" inconclusive="0" skipped="0" asserts="0">
            <properties />
            <test-suite type="TestFixture" id="1017" name="TrailFieldModelTests" fullname="NHN.TraceStrike.Tests.TrailFieldModelTests" classname="NHN.TraceStrike.Tests.TrailFieldModelTests" runstate="Runnable" testcasecount="35" result="Passed" start-time="2026-09-02 07:00:02Z" end-time="2026-09-02 07:00:02Z" duration="0.079183" total="35" passed="35" failed="0" inconclusive="0" skipped="0" asserts="0">
              <properties />
              <test-case id="1042" name="BlockedCrystalCellRejectsMovementAndRoundEndpoints" fullname="NHN.TraceStrike.Tests.TrailFieldModelTests.BlockedCrystalCellRejectsMovementAndRoundEndpoints" methodname="BlockedCrystalCellRejectsMovementAndRoundEndpoints" classname="NHN.TraceStrike.Tests.TrailFieldModelTests" runstate="Runnable" seed="854035379" result="Passed" start-time="2026-09-02 07:00:02Z" end-time="2026-09-02 07:00:02Z" duration="0.026138" asserts="0">
                <properties>
                  <property name="retryIteration" value="0" />
                  <property name="repeatIteration" value="0" />
                </properties>
              </test-case>
              <test-case id="1029" name="BossTelegraphAcceleratesInPhaseTwo" fullname="NHN.TraceStrike.Tests.TrailFieldModelTests.BossTelegraphAcceleratesInPhaseTwo" methodname="BossTelegraphAcceleratesInPhaseTwo" classname="NHN.TraceStrike.Tests.TrailFieldModelTests" runstate="Runnable" seed="219457182" result="Passed" start-time="2026-09-02 07:00:02Z" end-time="2026-09-02 07:00:02Z" duration="0.001319" asserts="0">
                <properties>
                  <property name="retryIteration" value="0" />
                  <property name="repeatIteration" value="0" />
                </properties>
              </test-case>
              <test-case id="1035" name="BossUsesSeparateHealthPoolForEachPhase" fullname="NHN.TraceStrike.Tests.TrailFieldModelTests.BossUsesSeparateHealthPoolForEachPhase" methodname="BossUsesSeparateHealthPoolForEachPhase" classname="NHN.TraceStrike.Tests.TrailFieldModelTests" runstate="Runnable" seed="905560606" result="Passed" start-time="2026-09-02 07:00:02Z" end-time="2026-09-02 07:00:02Z" duration="0.000618" asserts="0">
                <properties>
                  <property name="retryIteration" value="0" />
                  <property name="repeatIteration" value="0" />
                </properties>
              </test-case>
              <test-case id="1043" name="CardinalCrystalLayoutPlacesFourCellsOneStepInsideEdges" fullname="NHN.TraceStrike.Tests.TrailFieldModelTests.CardinalCrystalLayoutPlacesFourCellsOneStepInsideEdges" methodname="CardinalCrystalLayoutPlacesFourCellsOneStepInsideEdges" classname="NHN.TraceStrike.Tests.TrailFieldModelTests" runstate="Runnable" seed="1260028709" result="Passed" start-time="2026-09-02 07:00:02Z" end-time="2026-09-02 07:00:02Z" duration="0.001221" asserts="0">
                <properties>
                  <property name="retryIteration" value="0" />
                  <property name="repeatIteration" value="0" />
                </properties>
              </test-case>
              <test-case id="1037" name="CombinedGlyphContainsCrossAndDiamond" fullname="NHN.TraceStrike.Tests.TrailFieldModelTests.CombinedGlyphContainsCrossAndDiamond" methodname="CombinedGlyphContainsCrossAndDiamond" classname="NHN.TraceStrike.Tests.TrailFieldModelTests" runstate="Runnable" seed="1729351971" result="Passed" start-time="2026-09-02 07:00:02Z" end-time="2026-09-02 07:00:02Z" duration="0.001153" asserts="0">
                <properties>
                  <property name="retryIteration" value="0" />
                  <property name="repeatIteration" value="0" />
                </properties>
              </test-case>
              <test-case id="1034" name="CombinedLaserContainsHorizontalAndVerticalPairs" fullname="NHN.TraceStrike.Tests.TrailFieldModelTests.CombinedLaserContainsHorizontalAndVerticalPairs" methodname="CombinedLaserContainsHorizontalAndVerticalPairs" classname="NHN.TraceStrike.Tests.TrailFieldModelTests" runstate="Runnable" seed="2446298" result="Passed" start-time="2026-09-02 07:00:02Z" end-time="2026-09-02 07:00:02Z" duration="0.002829" asserts="0">
                <properties>
                  <property name="retryIteration" value="0" />
                  <property name="repeatIteration" value="0" />
                </properties>
              </test-case>
              <test-case id="1047" name="CrystalAttackIntervalsMatchBothGimmickStages" fullname="NHN.TraceStrike.Tests.TrailFieldModelTests.CrystalAttackIntervalsMatchBothGimmickStages" methodname="CrystalAttackIntervalsMatchBothGimmickStages" classname="NHN.TraceStrike.Tests.TrailFieldModelTests" runstate="Runnable" seed="2121760999" result="Passed" start-time="2026-09-02 07:00:02Z" end-time="2026-09-02 07:00:02Z" duration="0.000281" asserts="0">
                <properties>
                  <property name="retryIteration" value="0" />
                  <property name="repeatIteration" value="0" />
                </properties>
              </test-case>
              <test-case id="1045" name="CrystalBlastUsesTwoCellCheckerPattern" fullname="NHN.TraceStrike.Tests.TrailFieldModelTests.CrystalBlastUsesTwoCellCheckerPattern" methodname="CrystalBlastUsesTwoCellCheckerPattern" classname="NHN.TraceStrike.Tests.TrailFieldModelTests" runstate="Runnable" seed="1746913654" result="Passed" start-time="2026-09-02 07:00:02Z" end-time="2026-09-02 07:00:02Z" duration="0.000796" asserts="0">
                <properties>
                  <property name="retryIteration" value="0" />
                  <property name="repeatIteration" value="0" />
                </properties>
              </test-case>
              <test-case id="1053" name="DesktopViewportUsesSixteenByNinePresentation" fullname="NHN.TraceStrike.Tests.TrailFieldModelTests.DesktopViewportUsesSixteenByNinePresentation" methodname="DesktopViewportUsesSixteenByNinePresentation" classname="NHN.TraceStrike.Tests.TrailFieldModelTests" runstate="Runnable" seed="388111753" result="Passed" start-time="2026-09-02 07:00:02Z" end-time="2026-09-02 07:00:02Z" duration="0.001808" asserts="0">
                <properties>
                  <property name="retryIteration" value="0" />
                  <property name="repeatIteration" value="0" />
                </properties>
              </test-case>
              <test-case id="1038" name="EscapeRouteAlwaysLeavesAnAdjacentSafeTile" fullname="NHN.TraceStrike.Tests.TrailFieldModelTests.EscapeRouteAlwaysLeavesAnAdjacentSafeTile" methodname="EscapeRouteAlwaysLeavesAnAdjacentSafeTile" classname="NHN.TraceStrike.Tests.TrailFieldModelTests" runstate="Runnable" seed="39316144" result="Passed" start-time="2026-09-02 07:00:02Z" end-time="2026-09-02 07:00:02Z" duration="0.001123" asserts="0">
                <properties>
                  <property name="retryIteration" value="0" />
                  <property name="repeatIteration" value="0" />
                </properties>
              </test-case>
              <test-suite type="ParameterizedMethod" id="1021" name="EveryFieldHasReachableStartAndEnd" fullname="NHN.TraceStrike.Tests.TrailFieldModelTests.EveryFieldHasReachableStartAndEnd" classname="NHN.TraceStrike.Tests.TrailFieldModelTests" runstate="Runnable" testcasecount="3" result="Passed" start-time="2026-09-02 07:00:02Z" end-time="2026-09-02 07:00:02Z" duration="0.003226" total="3" passed="3" failed="0" inconclusive="0" skipped="0" asserts="0">
                <properties />
                <test-case id="1018" name="EveryFieldHasReachableStartAndEnd(0)" fullname="NHN.TraceStrike.Tests.TrailFieldModelTests.EveryFieldHasReachableStartAndEnd(0)" methodname="EveryFieldHasReachableStartAndEnd" classname="NHN.TraceStrike.Tests.TrailFieldModelTests" runstate="Runnable" seed="1021067106" result="Passed" start-time="2026-09-02 07:00:02Z" end-time="2026-09-02 07:00:02Z" duration="0.000511" asserts="0">
                  <properties>
                    <property name="retryIteration" value="0" />
                    <property name="repeatIteration" value="0" />
                  </properties>
                </test-case>
                <test-case id="1019" name="EveryFieldHasReachableStartAndEnd(1)" fullname="NHN.TraceStrike.Tests.TrailFieldModelTests.EveryFieldHasReachableStartAndEnd(1)" methodname="EveryFieldHasReachableStartAndEnd" classname="NHN.TraceStrike.Tests.TrailFieldModelTests" runstate="Runnable" seed="37908256" result="Passed" start-time="2026-09-02 07:00:02Z" end-time="2026-09-02 07:00:02Z" duration="0.000184" asserts="0">
                  <properties>
                    <property name="retryIteration" value="0" />
                    <property name="repeatIteration" value="0" />
                  </properties>
                </test-case>
                <test-case id="1020" name="EveryFieldHasReachableStartAndEnd(2)" fullname="NHN.TraceStrike.Tests.TrailFieldModelTests.EveryFieldHasReachableStartAndEnd(2)" methodname="EveryFieldHasReachableStartAndEnd" classname="NHN.TraceStrike.Tests.TrailFieldModelTests" runstate="Runnable" seed="379346267" result="Passed" start-time="2026-09-02 07:00:02Z" end-time="2026-09-02 07:00:02Z" duration="0.000180" asserts="0">
                  <properties>
                    <property name="retryIteration" value="0" />
                    <property name="repeatIteration" value="0" />
                  </properties>
                </test-case>
              </test-suite>
              <test-case id="1031" name="ExplosionMarksThreeByThreeAreaInsideField" fullname="NHN.TraceStrike.Tests.TrailFieldModelTests.ExplosionMarksThreeByThreeAreaInsideField" methodname="ExplosionMarksThreeByThreeAreaInsideField" classname="NHN.TraceStrike.Tests.TrailFieldModelTests" runstate="Runnable" seed="254092012" result="Passed" start-time="2026-09-02 07:00:02Z" end-time="2026-09-02 07:00:02Z" duration="0.000809" asserts="0">
                <properties>
                  <property name="retryIteration" value="0" />
                  <property name="repeatIteration" value="0" />
                </properties>
              </test-case>
              <test-case id="1022" name="FirstStageUsesLegacyElevenByElevenCircularArena" fullname="NHN.TraceStrike.Tests.TrailFieldModelTests.FirstStageUsesLegacyElevenByElevenCircularArena" methodname="FirstStageUsesLegacyElevenByElevenCircularArena" classname="NHN.TraceStrike.Tests.TrailFieldModelTests" runstate="Runnable" seed="157943111" result="Passed" start-time="2026-09-02 07:00:02Z" end-time="2026-09-02 07:00:02Z" duration="0.000524" asserts="0">
                <properties>
                  <property name="retryIteration" value="0" />
                  <property name="repeatIteration" value="0" />
                </properties>
              </test-case>
              <test-case id="1036" name="FixedGlyphsMatchTheirGridEquations" fullname="NHN.TraceStrike.Tests.TrailFieldModelTests.FixedGlyphsMatchTheirGridEquations" methodname="FixedGlyphsMatchTheirGridEquations" classname="NHN.TraceStrike.Tests.TrailFieldModelTests" runstate="Runnable" seed="1463242306" result="Passed" start-time="2026-09-02 07:00:02Z" end-time="2026-09-02 07:00:02Z" duration="0.000786" asserts="0">
                <properties>
                  <property name="retryIteration" value="0" />
                  <property name="repeatIteration" value="0" />
                </properties>
              </test-case>
              <test-case id="1027" name="IntroPlacementCentersPlayerAndClearsActiveTrail" fullname="NHN.TraceStrike.Tests.TrailFieldModelTests.IntroPlacementCentersPlayerAndClearsActiveTrail" methodname="IntroPlacementCentersPlayerAndClearsActiveTrail" classname="NHN.TraceStrike.Tests.TrailFieldModelTests" runstate="Runnable" seed="1480534222" result="Passed" start-time="2026-09-02 07:00:02Z" end-time="2026-09-02 07:00:02Z" duration="0.000510" asserts="0">
                <properties>
                  <property name="retryIteration" value="0" />
                  <property name="repeatIteration" value="0" />
                </properties>
              </test-case>
              <test-case id="1030" name="LaserMarksOnlyTargetedRowOrColumn" fullname="NHN.TraceStrike.Tests.TrailFieldModelTests.LaserMarksOnlyTargetedRowOrColumn" methodname="LaserMarksOnlyTargetedRowOrColumn" classname="NHN.TraceStrike.Tests.TrailFieldModelTests" runstate="Runnable" seed="1789657384" result="Passed" start-time="2026-09-02 07:00:02Z" end-time="2026-09-02 07:00:02Z" duration="0.000524" asserts="0">
                <properties>
                  <property name="retryIteration" value="0" />
                  <property name="repeatIteration" value="0" />
                </properties>
              </test-case>
              <test-case id="1023" name="LeavingTheFieldIsBlocked" fullname="NHN.TraceStrike.Tests.TrailFieldModelTests.LeavingTheFieldIsBlocked" methodname="LeavingTheFieldIsBlocked" classname="NHN.TraceStrike.Tests.TrailFieldModelTests" runstate="Runnable" seed="208892258" result="Passed" start-time="2026-09-02 07:00:02Z" end-time="2026-09-02 07:00:02Z" duration="0.000282" asserts="0">
                <properties>
                  <property name="retryIteration" value="0" />
                  <property name="repeatIteration" value="0" />
                </properties>
              </test-case>
              <test-case id="1052" name="MobileViewportAlwaysFillsTheWholeScreen" fullname="NHN.TraceStrike.Tests.TrailFieldModelTests.MobileViewportAlwaysFillsTheWholeScreen" methodname="MobileViewportAlwaysFillsTheWholeScreen" classname="NHN.TraceStrike.Tests.TrailFieldModelTests" runstate="Runnable" seed="1650328302" result="Passed" start-time="2026-09-02 07:00:02Z" end-time="2026-09-02 07:00:02Z" duration="0.000249" asserts="0">
                <properties>
                  <property name="retryIteration" value="0" />
                  <property name="repeatIteration" value="0" />
                </properties>
              </test-case>
              <test-case id="1033" name="MultiLaserMarksEveryRequestedLine" fullname="NHN.TraceStrike.Tests.TrailFieldModelTests.MultiLaserMarksEveryRequestedLine" methodname="MultiLaserMarksEveryRequestedLine" classname="NHN.TraceStrike.Tests.TrailFieldModelTests" runstate="Runnable" seed="1707013899" result="Passed" start-time="2026-09-02 07:00:02Z" end-time="2026-09-02 07:00:02Z" duration="0.000327" asserts="0">
                <properties>
                  <property name="retryIteration" value="0" />
                  <property name="repeatIteration" value="0" />
                </properties>
              </test-case>
              <test-case id="1025" name="NewAttackPointsDoNotTeleportPlayer" fullname="NHN.TraceStrike.Tests.TrailFieldModelTests.NewAttackPointsDoNotTeleportPlayer" methodname="NewAttackPointsDoNotTeleportPlayer" classname="NHN.TraceStrike.Tests.TrailFieldModelTests" runstate="Runnable" seed="2089479237" result="Passed" start-time="2026-09-02 07:00:02Z" end-time="2026-09-02 07:00:02Z" duration="0.000426" asserts="0">
                <properties>
                  <property name="retryIteration" value="0" />
                  <property name="repeatIteration" value="0" />
                </properties>
              </test-case>
              <test-case id="1032" name="PatternIntervalAcceleratesWithFightProgress" fullname="NHN.TraceStrike.Tests.TrailFieldModelTests.PatternIntervalAcceleratesWithFightProgress" methodname="PatternIntervalAcceleratesWithFightProgress" classname="NHN.TraceStrike.Tests.TrailFieldModelTests" runstate="Runnable" seed="796705910" result="Passed" start-time="2026-09-02 07:00:02Z" end-time="2026-09-02 07:00:02Z" duration="0.000219" asserts="0">
                <properties>
                  <property name="retryIteration" value="0" />
                  <property name="repeatIteration" value="0" />
                </properties>
              </test-case>
              <test-case id="1046" name="PhaseTwoGridPatternsCoverAlternatingRowsAndColumnsSeparately" fullname="NHN.TraceStrike.Tests.TrailFieldModelTests.PhaseTwoGridPatternsCoverAlternatingRowsAndColumnsSeparately" methodname="PhaseTwoGridPatternsCoverAlternatingRowsAndColumnsSeparately" classname="NHN.TraceStrike.Tests.TrailFieldModelTests" runstate="Runnable" seed="848695908" result="Passed" start-time="2026-09-02 07:00:02Z" end-time="2026-09-02 07:00:02Z" duration="0.000727" asserts="0">
                <properties>
                  <property name="retryIteration" value="0" />
                  <property name="repeatIteration" value="0" />
                </properties>
              </test-case>
              <test-case id="1044" name="RandomCrystalLayoutAvoidsExcludedAndUsesUniqueCells" fullname="NHN.TraceStrike.Tests.TrailFieldModelTests.RandomCrystalLayoutAvoidsExcludedAndUsesUniqueCells" methodname="RandomCrystalLayoutAvoidsExcludedAndUsesUniqueCells" classname="NHN.TraceStrike.Tests.TrailFieldModelTests" runstate="Runnable" seed="330616395" result="Passed" start-time="2026-09-02 07:00:02Z" end-time="2026-09-02 07:00:02Z" duration="0.001371" asserts="0">
                <properties>
                  <property name="retryIteration" value="0" />
                  <property name="repeatIteration" value="0" />
                </properties>
              </test-case>
              <test-case id="1024" name="RevisitingTrailResetsAndRequiresStart" fullname="NHN.TraceStrike.Tests.TrailFieldModelTests.RevisitingTrailResetsAndRequiresStart" methodname="RevisitingTrailResetsAndRequiresStart" classname="NHN.TraceStrike.Tests.TrailFieldModelTests" runstate="Runnable" seed="277151096" result="Passed" start-time="2026-09-02 07:00:02Z" end-time="2026-09-02 07:00:02Z" duration="0.000437" asserts="0">
                <properties>
                  <property name="retryIteration" value="0" />
                  <property name="repeatIteration" value="0" />
                </properties>
              </test-case>
              <test-case id="1026" name="ShapeChangeCanPreservePlayerCell" fullname="NHN.TraceStrike.Tests.TrailFieldModelTests.ShapeChangeCanPreservePlayerCell" methodname="ShapeChangeCanPreservePlayerCell" classname="NHN.TraceStrike.Tests.TrailFieldModelTests" runstate="Runnable" seed="178300502" result="Passed" start-time="2026-09-02 07:00:02Z" end-time="2026-09-02 07:00:02Z" duration="0.000360" asserts="0">
                <properties>
                  <property name="retryIteration" value="0" />
                  <property name="repeatIteration" value="0" />
                </properties>
              </test-case>
              <test-case id="1041" name="SpecialDamageModifiersApplyFlatBonusBeforeMultiplier" fullname="NHN.TraceStrike.Tests.TrailFieldModelTests.SpecialDamageModifiersApplyFlatBonusBeforeMultiplier" methodname="SpecialDamageModifiersApplyFlatBonusBeforeMultiplier" classname="NHN.TraceStrike.Tests.TrailFieldModelTests" runstate="Runnable" seed="1063289963" result="Passed" start-time="2026-09-02 07:00:02Z" end-time="2026-09-02 07:00:02Z" duration="0.000335" asserts="0">
                <properties>
                  <property name="retryIteration" value="0" />
                  <property name="repeatIteration" value="0" />
                </properties>
              </test-case>
              <test-case id="1040" name="SpecialTileGenerationIsDeterministic" fullname="NHN.TraceStrike.Tests.TrailFieldModelTests.SpecialTileGenerationIsDeterministic" methodname="SpecialTileGenerationIsDeterministic" classname="NHN.TraceStrike.Tests.TrailFieldModelTests" runstate="Runnable" seed="1104591160" result="Passed" start-time="2026-09-02 07:00:02Z" end-time="2026-09-02 07:00:02Z" duration="0.002374" asserts="0">
                <properties>
                  <property name="retryIteration" value="0" />
                  <property name="repeatIteration" value="0" />
                </properties>
              </test-case>
              <test-case id="1039" name="SpecialTilesContainEveryEffectAndAvoidReservedCells" fullname="NHN.TraceStrike.Tests.TrailFieldModelTests.SpecialTilesContainEveryEffectAndAvoidReservedCells" methodname="SpecialTilesContainEveryEffectAndAvoidReservedCells" classname="NHN.TraceStrike.Tests.TrailFieldModelTests" runstate="Runnable" seed="287498658" result="Passed" start-time="2026-09-02 07:00:02Z" end-time="2026-09-02 07:00:02Z" duration="0.002046" asserts="0">
                <properties>
                  <property name="retryIteration" value="0" />
                  <property name="repeatIteration" value="0" />
                </properties>
              </test-case>
              <test-case id="1051" name="TelegraphProgressReachesBorderExactlyAtAttackTime" fullname="NHN.TraceStrike.Tests.TrailFieldModelTests.TelegraphProgressReachesBorderExactlyAtAttackTime" methodname="TelegraphProgressReachesBorderExactlyAtAttackTime" classname="NHN.TraceStrike.Tests.TrailFieldModelTests" runstate="Runnable" seed="532620992" result="Passed" start-time="2026-09-02 07:00:02Z" end-time="2026-09-02 07:00:02Z" duration="0.000263" asserts="0">
                <properties>
                  <property name="retryIteration" value="0" />
                  <property name="repeatIteration" value="0" />
                </properties>
              </test-case>
              <test-case id="1028" name="TitleRevealRadiusCoversEverySixteenByNineCorner" fullname="NHN.TraceStrike.Tests.TrailFieldModelTests.TitleRevealRadiusCoversEverySixteenByNineCorner" methodname="TitleRevealRadiusCoversEverySixteenByNineCorner" classname="NHN.TraceStrike.Tests.TrailFieldModelTests" runstate="Runnable" seed="604672761" result="Passed" start-time="2026-09-02 07:00:02Z" end-time="2026-09-02 07:00:02Z" duration="0.001766" asserts="0">
                <properties>
                  <property name="retryIteration" value="0" />
                  <property name="repeatIteration" value="0" />
                </properties>
              </test-case>
              <test-case id="1049" name="TutorialIntroducesSpecialTilesInRequiredOrder" fullname="NHN.TraceStrike.Tests.TrailFieldModelTests.TutorialIntroducesSpecialTilesInRequiredOrder" methodname="TutorialIntroducesSpecialTilesInRequiredOrder" classname="NHN.TraceStrike.Tests.TrailFieldModelTests" runstate="Runnable" seed="939412320" result="Passed" start-time="2026-09-02 07:00:02Z" end-time="2026-09-02 07:00:02Z" duration="0.001310" asserts="0">
                <properties>
                  <property name="retryIteration" value="0" />
                  <property name="repeatIteration" value="0" />
                </properties>
              </test-case>
              <test-case id="1050" name="TutorialSpecialTargetsAreUniqueAndConnected" fullname="NHN.TraceStrike.Tests.TrailFieldModelTests.TutorialSpecialTargetsAreUniqueAndConnected" methodname="TutorialSpecialTargetsAreUniqueAndConnected" classname="NHN.TraceStrike.Tests.TrailFieldModelTests" runstate="Runnable" seed="1142122211" result="Passed" start-time="2026-09-02 07:00:02Z" end-time="2026-09-02 07:00:02Z" duration="0.000800" asserts="0">
                <properties>
                  <property name="retryIteration" value="0" />
                  <property name="repeatIteration" value="0" />
                </properties>
              </test-case>
              <test-case id="1048" name="TutorialUsesFourByFourBounds" fullname="NHN.TraceStrike.Tests.TrailFieldModelTests.TutorialUsesFourByFourBounds" methodname="TutorialUsesFourByFourBounds" classname="NHN.TraceStrike.Tests.TrailFieldModelTests" runstate="Runnable" seed="1033772555" result="Passed" start-time="2026-09-02 07:00:02Z" end-time="2026-09-02 07:00:02Z" duration="0.000307" asserts="0">
                <properties>
                  <property name="retryIteration" value="0" />
                  <property name="repeatIteration" value="0" />
                </properties>
                <output><![CDATA[Saving results to: C:/Users/owner/AppData/LocalLow/NHN Challenge Team/Trace Strike\TestResults.xml
]]></output>
              </test-case>
            </test-suite>
          </test-suite>
        </test-suite>
      </test-suite>
    </test-suite>
  </test-suite>
</test-run>